2014-07-28 18:27:33,598 DEBUG traub2005 channelbase.py get_class_field: NaF: Xpower=3
2014-07-28 18:27:33,599 DEBUG traub2005 channelbase.py setup_gate_tables: /library[0]/NaF[0]/gateX[0]: Using tau/inf tables
2014-07-28 18:27:33,599 DEBUG traub2005 channelbase.py get_class_field: NaF: Ypower=1
2014-07-28 18:27:33,600 DEBUG traub2005 channelbase.py setup_gate_tables: /library[0]/NaF[0]/gateY[0]: Using tau/inf tables
2014-07-28 18:27:33,600 DEBUG traub2005 channelbase.py get_class_field: NaF: X=0.0
2014-07-28 18:27:33,600 INFO traub2005 channelbase.py __new__: Created prototype: /library[0]/NaF[0] of class NaF
2014-07-28 18:27:33,601 DEBUG traub2005 channelbase.py setup_gate_tables: /library[0]/NaF_TCR[0]/gateX[0]: Using tau/inf tables
2014-07-28 18:27:33,602 DEBUG traub2005 channelbase.py setup_gate_tables: /library[0]/NaF_TCR[0]/gateY[0]: Using tau/inf tables
2014-07-28 18:27:33,602 INFO traub2005 channelbase.py __new__: Created prototype: /library[0]/NaF_TCR[0] of class NaF_TCR
2014-07-28 18:27:33,603 DEBUG traub2005 channelbase.py setup_gate_tables: /library[0]/NaF2[0]/gateX[0]: Using tau/inf tables
2014-07-28 18:27:33,603 DEBUG traub2005 channelbase.py setup_gate_tables: /library[0]/NaF2[0]/gateY[0]: Using tau/inf tables
2014-07-28 18:27:33,603 INFO traub2005 channelbase.py __new__: Created prototype: /library[0]/NaF2[0] of class NaF2
2014-07-28 18:27:33,604 DEBUG traub2005 channelbase.py setup_gate_tables: /library[0]/NaF2_nRT[0]/gateX[0]: Using tau/inf tables
2014-07-28 18:27:33,605 DEBUG traub2005 channelbase.py setup_gate_tables: /library[0]/NaF2_nRT[0]/gateY[0]: Using tau/inf tables
2014-07-28 18:27:33,605 INFO traub2005 channelbase.py __new__: Created prototype: /library[0]/NaF2_nRT[0] of class NaF2_nRT
2014-07-28 18:27:33,606 DEBUG traub2005 channelbase.py get_class_field: NaP: Xpower=1.0
2014-07-28 18:27:33,606 DEBUG traub2005 channelbase.py setup_gate_tables: /library[0]/NaP[0]/gateX[0]: Using tau/inf tables
2014-07-28 18:27:33,606 DEBUG traub2005 channelbase.py get_class_field: NaP: Ypower=0.0
2014-07-28 18:27:33,606 INFO traub2005 channelbase.py __new__: Created prototype: /library[0]/NaP[0] of class NaP
2014-07-28 18:27:33,606 DEBUG traub2005 channelbase.py get_class_field: NaPF: Xpower=3
2014-07-28 18:27:33,607 DEBUG traub2005 channelbase.py setup_gate_tables: /library[0]/NaPF[0]/gateX[0]: Using tau/inf tables
2014-07-28 18:27:33,607 INFO traub2005 channelbase.py __new__: Created prototype: /library[0]/NaPF[0] of class NaPF
2014-07-28 18:27:33,607 DEBUG traub2005 channelbase.py setup_gate_tables: /library[0]/NaPF_SS[0]/gateX[0]: Using tau/inf tables
2014-07-28 18:27:33,607 INFO traub2005 channelbase.py __new__: Created prototype: /library[0]/NaPF_SS[0] of class NaPF_SS
2014-07-28 18:27:33,607 DEBUG traub2005 channelbase.py get_class_field: NaPF_TCR: Xpower=1
2014-07-28 18:27:33,607 DEBUG traub2005 channelbase.py setup_gate_tables: /library[0]/NaPF_TCR[0]/gateX[0]: Using tau/inf tables
2014-07-28 18:27:33,607 INFO traub2005 channelbase.py __new__: Created prototype: /library[0]/NaPF_TCR[0] of class NaPF_TCR
2014-07-28 18:27:33,670 DEBUG traub2005 channelbase.py get_class_field: KDR: Xpower=4
2014-07-28 18:27:33,671 DEBUG traub2005 channelbase.py setup_gate_tables: /library[0]/KDR[0]/gateX[0]: Using tau/inf tables
2014-07-28 18:27:33,671 INFO traub2005 channelbase.py __new__: Created prototype: /library[0]/KDR[0] of class KDR
2014-07-28 18:27:33,672 DEBUG traub2005 channelbase.py setup_gate_tables: /library[0]/KDR_FS[0]/gateX[0]: Using tau/inf tables
2014-07-28 18:27:33,672 DEBUG traub2005 channelbase.py get_class_field: KDR_FS: Ek=-0.1
2014-07-28 18:27:33,672 INFO traub2005 channelbase.py __new__: Created prototype: /library[0]/KDR_FS[0] of class KDR_FS
2014-07-28 18:27:33,673 DEBUG traub2005 channelbase.py get_class_field: KA: Xpower=4
2014-07-28 18:27:33,674 DEBUG traub2005 channelbase.py setup_gate_tables: /library[0]/KA[0]/gateX[0]: Using tau/inf tables
2014-07-28 18:27:33,674 DEBUG traub2005 channelbase.py get_class_field: KA: Ypower=1
2014-07-28 18:27:33,674 DEBUG traub2005 channelbase.py setup_gate_tables: /library[0]/KA[0]/gateY[0]: Using tau/inf tables
2014-07-28 18:27:33,674 INFO traub2005 channelbase.py __new__: Created prototype: /library[0]/KA[0] of class KA
2014-07-28 18:27:33,675 DEBUG traub2005 channelbase.py setup_gate_tables: /library[0]/KA_IB[0]/gateX[0]: Using tau/inf tables
2014-07-28 18:27:33,675 DEBUG traub2005 channelbase.py setup_gate_tables: /library[0]/KA_IB[0]/gateX[0]: Gate setup in baseclass: ChannelMeta
2014-07-28 18:27:33,676 DEBUG traub2005 channelbase.py setup_gate_tables: /library[0]/KA_IB[0]/gateY[0]: Using tau/inf tables
2014-07-28 18:27:33,676 INFO traub2005 channelbase.py __new__: Created prototype: /library[0]/KA_IB[0] of class KA_IB
2014-07-28 18:27:33,677 DEBUG traub2005 channelbase.py get_class_field: K2: Xpower=1
2014-07-28 18:27:33,677 DEBUG traub2005 channelbase.py setup_gate_tables: /library[0]/K2[0]/gateX[0]: Using tau/inf tables
2014-07-28 18:27:33,677 DEBUG traub2005 channelbase.py get_class_field: K2: Ypower=1
2014-07-28 18:27:33,678 DEBUG traub2005 channelbase.py setup_gate_tables: /library[0]/K2[0]/gateY[0]: Using tau/inf tables
2014-07-28 18:27:33,678 INFO traub2005 channelbase.py __new__: Created prototype: /library[0]/K2[0] of class K2
2014-07-28 18:27:33,678 DEBUG traub2005 channelbase.py get_class_field: KM: Xpower=1
2014-07-28 18:27:33,678 DEBUG traub2005 channelbase.py setup_gate_tables: /library[0]/KM[0]/gateX[0]: Using alpha/beta tables
2014-07-28 18:27:33,678 INFO traub2005 channelbase.py __new__: Created prototype: /library[0]/KM[0] of class KM
2014-07-28 18:27:33,679 DEBUG traub2005 channelbase.py setup_gate_tables: /library[0]/KAHP[0]/gateZ[0]: Using alpha/beta tables
2014-07-28 18:27:33,679 INFO traub2005 channelbase.py __new__: Created prototype: /library[0]/KAHP[0] of class KAHP
2014-07-28 18:27:33,679 DEBUG traub2005 channelbase.py setup_gate_tables: /library[0]/KAHP_SLOWER[0]/gateZ[0]: Using alpha/beta tables
2014-07-28 18:27:33,680 INFO traub2005 channelbase.py __new__: Created prototype: /library[0]/KAHP_SLOWER[0] of class KAHP_SLOWER
2014-07-28 18:27:33,680 DEBUG traub2005 channelbase.py setup_gate_tables: /library[0]/KAHP_DP[0]/gateZ[0]: Using alpha/beta tables
2014-07-28 18:27:33,680 INFO traub2005 channelbase.py __new__: Created prototype: /library[0]/KAHP_DP[0] of class KAHP_DP
2014-07-28 18:27:33,680 DEBUG traub2005 channelbase.py get_class_field: KC: Xpower=1
2014-07-28 18:27:33,680 DEBUG traub2005 channelbase.py setup_gate_tables: /library[0]/KC[0]/gateX[0]: Using A/B tables
2014-07-28 18:27:33,681 DEBUG traub2005 channelbase.py get_class_field: KC: Zpower=1
2014-07-28 18:27:33,681 DEBUG traub2005 channelbase.py setup_gate_tables: /library[0]/KC[0]/gateZ[0]: Using A/B tables
2014-07-28 18:27:33,681 DEBUG traub2005 channelbase.py get_class_field: KC: instant=4
2014-07-28 18:27:33,681 INFO traub2005 channelbase.py __new__: Created prototype: /library[0]/KC[0] of class KC
2014-07-28 18:27:33,681 DEBUG traub2005 channelbase.py setup_gate_tables: /library[0]/KC_FAST[0]/gateX[0]: Using A/B tables
2014-07-28 18:27:33,681 DEBUG traub2005 channelbase.py setup_gate_tables: /library[0]/KC_FAST[0]/gateZ[0]: Using A/B tables
2014-07-28 18:27:33,681 DEBUG traub2005 channelbase.py setup_gate_tables: /library[0]/KC_FAST[0]/gateZ[0]: Gate setup in baseclass: ChannelMeta
2014-07-28 18:27:33,682 INFO traub2005 channelbase.py __new__: Created prototype: /library[0]/KC_FAST[0] of class KC_FAST
2014-07-28 18:27:33,737 DEBUG traub2005 channelbase.py get_class_field: AR: Xpower=1
2014-07-28 18:27:33,737 DEBUG traub2005 channelbase.py setup_gate_tables: /library[0]/AR[0]/gateX[0]: Using tau/inf tables
2014-07-28 18:27:33,738 DEBUG traub2005 channelbase.py get_class_field: AR: Ek=-0.035
2014-07-28 18:27:33,738 DEBUG traub2005 channelbase.py get_class_field: AR: X=0.25
2014-07-28 18:27:33,738 INFO traub2005 channelbase.py __new__: Created prototype: /library[0]/AR[0] of class AR
2014-07-28 18:27:33,804 DEBUG traub2005 channelbase.py setup_gate_tables: /library[0]/CaL[0]/gateX[0]: Using alpha/beta tables
2014-07-28 18:27:33,804 DEBUG traub2005 channelbase.py get_class_field: CaL: mstring=('addmsg1', '.\tIkOut\t../CaPool\tcurrent')
2014-07-28 18:27:33,805 INFO traub2005 channelbase.py __new__: Created prototype: /library[0]/CaL[0] of class CaL
2014-07-28 18:27:33,806 DEBUG traub2005 channelbase.py setup_gate_tables: /library[0]/CaT[0]/gateX[0]: Using tau/inf tables
2014-07-28 18:27:33,806 DEBUG traub2005 channelbase.py get_class_field: CaT: Ypower=1
2014-07-28 18:27:33,806 DEBUG traub2005 channelbase.py setup_gate_tables: /library[0]/CaT[0]/gateY[0]: Using tau/inf tables
2014-07-28 18:27:33,806 INFO traub2005 channelbase.py __new__: Created prototype: /library[0]/CaT[0] of class CaT
2014-07-28 18:27:33,807 DEBUG traub2005 channelbase.py setup_gate_tables: /library[0]/CaT_A[0]/gateX[0]: Using tau/inf tables
2014-07-28 18:27:33,808 DEBUG traub2005 channelbase.py setup_gate_tables: /library[0]/CaT_A[0]/gateY[0]: Using tau/inf tables
2014-07-28 18:27:33,808 INFO traub2005 channelbase.py __new__: Created prototype: /library[0]/CaT_A[0] of class CaT_A
2014-07-28 18:27:33,937 DEBUG traub2005 cells.py read_prototype: Reading prototype file /home/vivek/moose_git/Demos/traub_2005/py/proto/SupPyrRS.p
2014-07-28 18:27:33,937 INFO traub2005 cells.py adjust_chanlib: adjusting properties of /library[0]/NaF2[0]
2014-07-28 18:27:33,937 DEBUG traub2005 cells.py adjust_chanlib: /library[0]/NaF2[0].Ek = 0.05
2014-07-28 18:27:33,937 INFO traub2005 cells.py adjust_chanlib: adjusting properties of /library[0]/KAHP_DP[0]
2014-07-28 18:27:33,938 DEBUG traub2005 cells.py adjust_chanlib: /library[0]/KAHP_DP[0].Ek = -0.095
2014-07-28 18:27:33,938 INFO traub2005 cells.py adjust_chanlib: adjusting properties of /library[0]/NaPF_TCR[0]
2014-07-28 18:27:33,938 DEBUG traub2005 cells.py adjust_chanlib: /library[0]/NaPF_TCR[0].Ek = 0.05
2014-07-28 18:27:33,938 INFO traub2005 cells.py adjust_chanlib: adjusting properties of /library[0]/NaPF_SS[0]
2014-07-28 18:27:33,938 DEBUG traub2005 cells.py adjust_chanlib: /library[0]/NaPF_SS[0].Ek = 0.05
2014-07-28 18:27:33,938 INFO traub2005 cells.py adjust_chanlib: adjusting properties of /library[0]/KAHP_SLOWER[0]
2014-07-28 18:27:33,938 DEBUG traub2005 cells.py adjust_chanlib: /library[0]/KAHP_SLOWER[0].Ek = -0.095
2014-07-28 18:27:33,938 INFO traub2005 cells.py adjust_chanlib: adjusting properties of /library[0]/KC_FAST[0]
2014-07-28 18:27:33,939 DEBUG traub2005 cells.py adjust_chanlib: /library[0]/KC_FAST[0].Ek = -0.095
2014-07-28 18:27:33,939 INFO traub2005 cells.py adjust_chanlib: adjusting properties of /library[0]/NaPF[0]
2014-07-28 18:27:33,939 DEBUG traub2005 cells.py adjust_chanlib: /library[0]/NaPF[0].Ek = 0.05
2014-07-28 18:27:33,939 INFO traub2005 cells.py adjust_chanlib: adjusting properties of /library[0]/AR[0]
2014-07-28 18:27:33,939 DEBUG traub2005 cells.py adjust_chanlib: /library[0]/AR[0].Ek = -0.035
2014-07-28 18:27:33,939 INFO traub2005 cells.py adjust_chanlib: adjusting properties of /library[0]/CaPool[0]
2014-07-28 18:27:33,939 INFO traub2005 cells.py adjust_chanlib: adjusting properties of /library[0]/CaT_A[0]
2014-07-28 18:27:33,939 DEBUG traub2005 cells.py adjust_chanlib: /library[0]/CaT_A[0].Ek = 0.125
2014-07-28 18:27:33,940 INFO traub2005 cells.py adjust_chanlib: adjusting properties of /library[0]/NaF2_nRT[0]
2014-07-28 18:27:33,940 DEBUG traub2005 cells.py adjust_chanlib: /library[0]/NaF2_nRT[0].Ek = 0.05
2014-07-28 18:27:33,940 INFO traub2005 cells.py adjust_chanlib: adjusting properties of /library[0]/KA_IB[0]
2014-07-28 18:27:33,940 DEBUG traub2005 cells.py adjust_chanlib: /library[0]/KA_IB[0].Ek = -0.095
2014-07-28 18:27:33,940 INFO traub2005 cells.py adjust_chanlib: adjusting properties of /library[0]/KA[0]
2014-07-28 18:27:33,940 DEBUG traub2005 cells.py adjust_chanlib: /library[0]/KA[0].Ek = -0.095
2014-07-28 18:27:33,940 INFO traub2005 cells.py adjust_chanlib: adjusting properties of /library[0]/KC[0]
2014-07-28 18:27:33,940 DEBUG traub2005 cells.py adjust_chanlib: /library[0]/KC[0].Ek = -0.095
2014-07-28 18:27:33,941 INFO traub2005 cells.py adjust_chanlib: adjusting properties of /library[0]/NaF_TCR[0]
2014-07-28 18:27:33,941 DEBUG traub2005 cells.py adjust_chanlib: /library[0]/NaF_TCR[0].Ek = 0.05
2014-07-28 18:27:33,941 INFO traub2005 cells.py adjust_chanlib: adjusting properties of /library[0]/NaF[0]
2014-07-28 18:27:33,941 DEBUG traub2005 cells.py adjust_chanlib: /library[0]/NaF[0].Ek = 0.05
2014-07-28 18:27:33,941 INFO traub2005 cells.py adjust_chanlib: adjusting properties of /library[0]/CaT[0]
2014-07-28 18:27:33,941 DEBUG traub2005 cells.py adjust_chanlib: /library[0]/CaT[0].Ek = 0.125
2014-07-28 18:27:33,941 INFO traub2005 cells.py adjust_chanlib: adjusting properties of /library[0]/K2[0]
2014-07-28 18:27:33,941 DEBUG traub2005 cells.py adjust_chanlib: /library[0]/K2[0].Ek = -0.095
2014-07-28 18:27:33,941 INFO traub2005 cells.py adjust_chanlib: adjusting properties of /library[0]/KAHP[0]
2014-07-28 18:27:33,942 DEBUG traub2005 cells.py adjust_chanlib: /library[0]/KAHP[0].Ek = -0.095
2014-07-28 18:27:33,942 INFO traub2005 cells.py adjust_chanlib: adjusting properties of /library[0]/KM[0]
2014-07-28 18:27:33,942 DEBUG traub2005 cells.py adjust_chanlib: /library[0]/KM[0].Ek = -0.095
2014-07-28 18:27:33,942 INFO traub2005 cells.py adjust_chanlib: adjusting properties of /library[0]/KDR_FS[0]
2014-07-28 18:27:33,942 DEBUG traub2005 cells.py adjust_chanlib: /library[0]/KDR_FS[0].Ek = -0.095
2014-07-28 18:27:33,942 INFO traub2005 cells.py adjust_chanlib: adjusting properties of /library[0]/NaP[0]
2014-07-28 18:27:33,942 DEBUG traub2005 cells.py adjust_chanlib: /library[0]/NaP[0].Ek = 0.05
2014-07-28 18:27:33,942 INFO traub2005 cells.py adjust_chanlib: adjusting properties of /library[0]/CaL[0]
2014-07-28 18:27:33,942 DEBUG traub2005 cells.py adjust_chanlib: /library[0]/CaL[0].Ek = 0.125
2014-07-28 18:27:33,942 INFO traub2005 cells.py adjust_chanlib: adjusting properties of /library[0]/KDR[0]
2014-07-28 18:27:33,942 DEBUG traub2005 cells.py adjust_chanlib: /library[0]/KDR[0].Ek = -0.095
2014-07-28 18:27:33,970 DEBUG traub2005 cells.py read_prototype: Read SupPyrRS with 74 compartments
2014-07-28 18:27:33,971 DEBUG traub2005 cells.py read_prototype: Reading prototype file /home/vivek/moose_git/Demos/traub_2005/py/proto/SupPyrFRB.p
2014-07-28 18:27:33,971 INFO traub2005 cells.py adjust_chanlib: adjusting properties of /library[0]/NaF2[0]
2014-07-28 18:27:33,971 DEBUG traub2005 cells.py adjust_chanlib: /library[0]/NaF2[0].Ek = 0.05
2014-07-28 18:27:33,971 INFO traub2005 cells.py adjust_chanlib: adjusting properties of /library[0]/KAHP_DP[0]
2014-07-28 18:27:33,971 DEBUG traub2005 cells.py adjust_chanlib: /library[0]/KAHP_DP[0].Ek = -0.095
2014-07-28 18:27:33,971 INFO traub2005 cells.py adjust_chanlib: adjusting properties of /library[0]/NaPF_TCR[0]
2014-07-28 18:27:33,971 DEBUG traub2005 cells.py adjust_chanlib: /library[0]/NaPF_TCR[0].Ek = 0.05
2014-07-28 18:27:33,971 INFO traub2005 cells.py adjust_chanlib: adjusting properties of /library[0]/NaPF_SS[0]
2014-07-28 18:27:33,971 DEBUG traub2005 cells.py adjust_chanlib: /library[0]/NaPF_SS[0].Ek = 0.05
2014-07-28 18:27:33,971 INFO traub2005 cells.py adjust_chanlib: adjusting properties of /library[0]/KAHP_SLOWER[0]
2014-07-28 18:27:33,971 DEBUG traub2005 cells.py adjust_chanlib: /library[0]/KAHP_SLOWER[0].Ek = -0.095
2014-07-28 18:27:33,971 INFO traub2005 cells.py adjust_chanlib: adjusting properties of /library[0]/KC_FAST[0]
2014-07-28 18:27:33,971 DEBUG traub2005 cells.py adjust_chanlib: /library[0]/KC_FAST[0].Ek = -0.095
2014-07-28 18:27:33,971 INFO traub2005 cells.py adjust_chanlib: adjusting properties of /library[0]/NaPF[0]
2014-07-28 18:27:33,971 DEBUG traub2005 cells.py adjust_chanlib: /library[0]/NaPF[0].Ek = 0.05
2014-07-28 18:27:33,971 INFO traub2005 cells.py adjust_chanlib: adjusting properties of /library[0]/AR[0]
2014-07-28 18:27:33,971 DEBUG traub2005 cells.py adjust_chanlib: /library[0]/AR[0].Ek = -0.035
2014-07-28 18:27:33,971 INFO traub2005 cells.py adjust_chanlib: adjusting properties of /library[0]/CaPool[0]
2014-07-28 18:27:33,972 INFO traub2005 cells.py adjust_chanlib: adjusting properties of /library[0]/CaT_A[0]
2014-07-28 18:27:33,972 DEBUG traub2005 cells.py adjust_chanlib: /library[0]/CaT_A[0].Ek = 0.125
2014-07-28 18:27:33,972 INFO traub2005 cells.py adjust_chanlib: adjusting properties of /library[0]/NaF2_nRT[0]
2014-07-28 18:27:33,972 DEBUG traub2005 cells.py adjust_chanlib: /library[0]/NaF2_nRT[0].Ek = 0.05
2014-07-28 18:27:33,972 INFO traub2005 cells.py adjust_chanlib: adjusting properties of /library[0]/KA_IB[0]
2014-07-28 18:27:33,972 DEBUG traub2005 cells.py adjust_chanlib: /library[0]/KA_IB[0].Ek = -0.095
2014-07-28 18:27:33,972 INFO traub2005 cells.py adjust_chanlib: adjusting properties of /library[0]/KA[0]
2014-07-28 18:27:33,972 DEBUG traub2005 cells.py adjust_chanlib: /library[0]/KA[0].Ek = -0.095
2014-07-28 18:27:33,972 INFO traub2005 cells.py adjust_chanlib: adjusting properties of /library[0]/KC[0]
2014-07-28 18:27:33,972 DEBUG traub2005 cells.py adjust_chanlib: /library[0]/KC[0].Ek = -0.095
2014-07-28 18:27:33,972 INFO traub2005 cells.py adjust_chanlib: adjusting properties of /library[0]/NaF_TCR[0]
2014-07-28 18:27:33,972 DEBUG traub2005 cells.py adjust_chanlib: /library[0]/NaF_TCR[0].Ek = 0.05
2014-07-28 18:27:33,972 INFO traub2005 cells.py adjust_chanlib: adjusting properties of /library[0]/NaF[0]
2014-07-28 18:27:33,972 DEBUG traub2005 cells.py adjust_chanlib: /library[0]/NaF[0].Ek = 0.05
2014-07-28 18:27:33,972 INFO traub2005 cells.py adjust_chanlib: adjusting properties of /library[0]/CaT[0]
2014-07-28 18:27:33,972 DEBUG traub2005 cells.py adjust_chanlib: /library[0]/CaT[0].Ek = 0.125
2014-07-28 18:27:33,972 INFO traub2005 cells.py adjust_chanlib: adjusting properties of /library[0]/K2[0]
2014-07-28 18:27:33,972 DEBUG traub2005 cells.py adjust_chanlib: /library[0]/K2[0].Ek = -0.095
2014-07-28 18:27:33,972 INFO traub2005 cells.py adjust_chanlib: adjusting properties of /library[0]/KAHP[0]
2014-07-28 18:27:33,973 DEBUG traub2005 cells.py adjust_chanlib: /library[0]/KAHP[0].Ek = -0.095
2014-07-28 18:27:33,973 INFO traub2005 cells.py adjust_chanlib: adjusting properties of /library[0]/KM[0]
2014-07-28 18:27:33,973 DEBUG traub2005 cells.py adjust_chanlib: /library[0]/KM[0].Ek = -0.095
2014-07-28 18:27:33,973 INFO traub2005 cells.py adjust_chanlib: adjusting properties of /library[0]/KDR_FS[0]
2014-07-28 18:27:33,973 DEBUG traub2005 cells.py adjust_chanlib: /library[0]/KDR_FS[0].Ek = -0.095
2014-07-28 18:27:33,973 INFO traub2005 cells.py adjust_chanlib: adjusting properties of /library[0]/NaP[0]
2014-07-28 18:27:33,973 DEBUG traub2005 cells.py adjust_chanlib: /library[0]/NaP[0].Ek = 0.05
2014-07-28 18:27:33,973 INFO traub2005 cells.py adjust_chanlib: adjusting properties of /library[0]/CaL[0]
2014-07-28 18:27:33,973 DEBUG traub2005 cells.py adjust_chanlib: /library[0]/CaL[0].Ek = 0.125
2014-07-28 18:27:33,973 INFO traub2005 cells.py adjust_chanlib: adjusting properties of /library[0]/KDR[0]
2014-07-28 18:27:33,973 DEBUG traub2005 cells.py adjust_chanlib: /library[0]/KDR[0].Ek = -0.095
2014-07-28 18:27:34,003 DEBUG traub2005 cells.py read_prototype: Read SupPyrFRB with 74 compartments
2014-07-28 18:27:34,003 DEBUG traub2005 cells.py read_prototype: Reading prototype file /home/vivek/moose_git/Demos/traub_2005/py/proto/SupLTS.p
2014-07-28 18:27:34,004 INFO traub2005 cells.py adjust_chanlib: adjusting properties of /library[0]/NaF2[0]
2014-07-28 18:27:34,004 DEBUG traub2005 cells.py adjust_chanlib: /library[0]/NaF2[0].Ek = 0.05
2014-07-28 18:27:34,004 INFO traub2005 cells.py adjust_chanlib: adjusting properties of /library[0]/KAHP_DP[0]
2014-07-28 18:27:34,004 DEBUG traub2005 cells.py adjust_chanlib: /library[0]/KAHP_DP[0].Ek = -0.1
2014-07-28 18:27:34,004 INFO traub2005 cells.py adjust_chanlib: adjusting properties of /library[0]/NaPF_TCR[0]
2014-07-28 18:27:34,004 DEBUG traub2005 cells.py adjust_chanlib: /library[0]/NaPF_TCR[0].Ek = 0.05
2014-07-28 18:27:34,004 INFO traub2005 cells.py adjust_chanlib: adjusting properties of /library[0]/NaPF_SS[0]
2014-07-28 18:27:34,004 DEBUG traub2005 cells.py adjust_chanlib: /library[0]/NaPF_SS[0].Ek = 0.05
2014-07-28 18:27:34,005 INFO traub2005 cells.py adjust_chanlib: adjusting properties of /library[0]/KAHP_SLOWER[0]
2014-07-28 18:27:34,005 DEBUG traub2005 cells.py adjust_chanlib: /library[0]/KAHP_SLOWER[0].Ek = -0.1
2014-07-28 18:27:34,005 INFO traub2005 cells.py adjust_chanlib: adjusting properties of /library[0]/KC_FAST[0]
2014-07-28 18:27:34,005 DEBUG traub2005 cells.py adjust_chanlib: /library[0]/KC_FAST[0].Ek = -0.1
2014-07-28 18:27:34,005 INFO traub2005 cells.py adjust_chanlib: adjusting properties of /library[0]/NaPF[0]
2014-07-28 18:27:34,005 DEBUG traub2005 cells.py adjust_chanlib: /library[0]/NaPF[0].Ek = 0.05
2014-07-28 18:27:34,005 INFO traub2005 cells.py adjust_chanlib: adjusting properties of /library[0]/AR[0]
2014-07-28 18:27:34,005 DEBUG traub2005 cells.py adjust_chanlib: /library[0]/AR[0].Ek = -0.04
2014-07-28 18:27:34,006 INFO traub2005 cells.py adjust_chanlib: adjusting properties of /library[0]/CaPool[0]
2014-07-28 18:27:34,006 INFO traub2005 cells.py adjust_chanlib: adjusting properties of /library[0]/CaT_A[0]
2014-07-28 18:27:34,006 DEBUG traub2005 cells.py adjust_chanlib: /library[0]/CaT_A[0].Ek = 0.125
2014-07-28 18:27:34,006 INFO traub2005 cells.py adjust_chanlib: adjusting properties of /library[0]/NaF2_nRT[0]
2014-07-28 18:27:34,006 DEBUG traub2005 cells.py adjust_chanlib: /library[0]/NaF2_nRT[0].Ek = 0.05
2014-07-28 18:27:34,006 INFO traub2005 cells.py adjust_chanlib: adjusting properties of /library[0]/KA_IB[0]
2014-07-28 18:27:34,006 DEBUG traub2005 cells.py adjust_chanlib: /library[0]/KA_IB[0].Ek = -0.1
2014-07-28 18:27:34,006 INFO traub2005 cells.py adjust_chanlib: adjusting properties of /library[0]/KA[0]
2014-07-28 18:27:34,007 DEBUG traub2005 cells.py adjust_chanlib: /library[0]/KA[0].Ek = -0.1
2014-07-28 18:27:34,007 INFO traub2005 cells.py adjust_chanlib: adjusting properties of /library[0]/KC[0]
2014-07-28 18:27:34,007 DEBUG traub2005 cells.py adjust_chanlib: /library[0]/KC[0].Ek = -0.1
2014-07-28 18:27:34,007 INFO traub2005 cells.py adjust_chanlib: adjusting properties of /library[0]/NaF_TCR[0]
2014-07-28 18:27:34,007 DEBUG traub2005 cells.py adjust_chanlib: /library[0]/NaF_TCR[0].Ek = 0.05
2014-07-28 18:27:34,007 INFO traub2005 cells.py adjust_chanlib: adjusting properties of /library[0]/NaF[0]
2014-07-28 18:27:34,007 DEBUG traub2005 cells.py adjust_chanlib: /library[0]/NaF[0].Ek = 0.05
2014-07-28 18:27:34,007 INFO traub2005 cells.py adjust_chanlib: adjusting properties of /library[0]/CaT[0]
2014-07-28 18:27:34,007 DEBUG traub2005 cells.py adjust_chanlib: /library[0]/CaT[0].Ek = 0.125
2014-07-28 18:27:34,008 INFO traub2005 cells.py adjust_chanlib: adjusting properties of /library[0]/K2[0]
2014-07-28 18:27:34,008 DEBUG traub2005 cells.py adjust_chanlib: /library[0]/K2[0].Ek = -0.1
2014-07-28 18:27:34,008 INFO traub2005 cells.py adjust_chanlib: adjusting properties of /library[0]/KAHP[0]
2014-07-28 18:27:34,008 DEBUG traub2005 cells.py adjust_chanlib: /library[0]/KAHP[0].Ek = -0.1
2014-07-28 18:27:34,008 INFO traub2005 cells.py adjust_chanlib: adjusting properties of /library[0]/KM[0]
2014-07-28 18:27:34,008 DEBUG traub2005 cells.py adjust_chanlib: /library[0]/KM[0].Ek = -0.1
2014-07-28 18:27:34,008 INFO traub2005 cells.py adjust_chanlib: adjusting properties of /library[0]/KDR_FS[0]
2014-07-28 18:27:34,008 DEBUG traub2005 cells.py adjust_chanlib: /library[0]/KDR_FS[0].Ek = -0.1
2014-07-28 18:27:34,009 INFO traub2005 cells.py adjust_chanlib: adjusting properties of /library[0]/NaP[0]
2014-07-28 18:27:34,009 DEBUG traub2005 cells.py adjust_chanlib: /library[0]/NaP[0].Ek = 0.05
2014-07-28 18:27:34,009 INFO traub2005 cells.py adjust_chanlib: adjusting properties of /library[0]/CaL[0]
2014-07-28 18:27:34,009 DEBUG traub2005 cells.py adjust_chanlib: /library[0]/CaL[0].Ek = 0.125
2014-07-28 18:27:34,009 INFO traub2005 cells.py adjust_chanlib: adjusting properties of /library[0]/KDR[0]
2014-07-28 18:27:34,009 DEBUG traub2005 cells.py adjust_chanlib: /library[0]/KDR[0].Ek = -0.1
2014-07-28 18:27:34,029 INFO traub2005 cells.py read_keyvals: No such file /home/vivek/moose_git/Demos/traub_2005/py/proto/SupLTS.depths
2014-07-28 18:27:34,029 DEBUG traub2005 cells.py read_prototype: Read SupLTS with 59 compartments
2014-07-28 18:27:34,029 DEBUG traub2005 cells.py read_prototype: Reading prototype file /home/vivek/moose_git/Demos/traub_2005/py/proto/SupAxoaxonic.p
2014-07-28 18:27:34,030 INFO traub2005 cells.py adjust_chanlib: adjusting properties of /library[0]/NaF2[0]
2014-07-28 18:27:34,030 DEBUG traub2005 cells.py adjust_chanlib: /library[0]/NaF2[0].Ek = 0.05
2014-07-28 18:27:34,030 INFO traub2005 cells.py adjust_chanlib: adjusting properties of /library[0]/KAHP_DP[0]
2014-07-28 18:27:34,030 DEBUG traub2005 cells.py adjust_chanlib: /library[0]/KAHP_DP[0].Ek = -0.1
2014-07-28 18:27:34,030 INFO traub2005 cells.py adjust_chanlib: adjusting properties of /library[0]/NaPF_TCR[0]
2014-07-28 18:27:34,030 DEBUG traub2005 cells.py adjust_chanlib: /library[0]/NaPF_TCR[0].Ek = 0.05
2014-07-28 18:27:34,030 INFO traub2005 cells.py adjust_chanlib: adjusting properties of /library[0]/NaPF_SS[0]
2014-07-28 18:27:34,031 DEBUG traub2005 cells.py adjust_chanlib: /library[0]/NaPF_SS[0].Ek = 0.05
2014-07-28 18:27:34,031 INFO traub2005 cells.py adjust_chanlib: adjusting properties of /library[0]/KAHP_SLOWER[0]
2014-07-28 18:27:34,031 DEBUG traub2005 cells.py adjust_chanlib: /library[0]/KAHP_SLOWER[0].Ek = -0.1
2014-07-28 18:27:34,031 INFO traub2005 cells.py adjust_chanlib: adjusting properties of /library[0]/KC_FAST[0]
2014-07-28 18:27:34,031 DEBUG traub2005 cells.py adjust_chanlib: /library[0]/KC_FAST[0].Ek = -0.1
2014-07-28 18:27:34,031 INFO traub2005 cells.py adjust_chanlib: adjusting properties of /library[0]/NaPF[0]
2014-07-28 18:27:34,031 DEBUG traub2005 cells.py adjust_chanlib: /library[0]/NaPF[0].Ek = 0.05
2014-07-28 18:27:34,031 INFO traub2005 cells.py adjust_chanlib: adjusting properties of /library[0]/AR[0]
2014-07-28 18:27:34,032 DEBUG traub2005 cells.py adjust_chanlib: /library[0]/AR[0].Ek = -0.04
2014-07-28 18:27:34,032 INFO traub2005 cells.py adjust_chanlib: adjusting properties of /library[0]/CaPool[0]
2014-07-28 18:27:34,032 INFO traub2005 cells.py adjust_chanlib: adjusting properties of /library[0]/CaT_A[0]
2014-07-28 18:27:34,032 DEBUG traub2005 cells.py adjust_chanlib: /library[0]/CaT_A[0].Ek = 0.125
2014-07-28 18:27:34,032 INFO traub2005 cells.py adjust_chanlib: adjusting properties of /library[0]/NaF2_nRT[0]
2014-07-28 18:27:34,032 DEBUG traub2005 cells.py adjust_chanlib: /library[0]/NaF2_nRT[0].Ek = 0.05
2014-07-28 18:27:34,032 INFO traub2005 cells.py adjust_chanlib: adjusting properties of /library[0]/KA_IB[0]
2014-07-28 18:27:34,032 DEBUG traub2005 cells.py adjust_chanlib: /library[0]/KA_IB[0].Ek = -0.1
2014-07-28 18:27:34,032 INFO traub2005 cells.py adjust_chanlib: adjusting properties of /library[0]/KA[0]
2014-07-28 18:27:34,033 DEBUG traub2005 cells.py adjust_chanlib: /library[0]/KA[0].Ek = -0.1
2014-07-28 18:27:34,033 INFO traub2005 cells.py adjust_chanlib: adjusting properties of /library[0]/KC[0]
2014-07-28 18:27:34,033 DEBUG traub2005 cells.py adjust_chanlib: /library[0]/KC[0].Ek = -0.1
2014-07-28 18:27:34,033 INFO traub2005 cells.py adjust_chanlib: adjusting properties of /library[0]/NaF_TCR[0]
2014-07-28 18:27:34,033 DEBUG traub2005 cells.py adjust_chanlib: /library[0]/NaF_TCR[0].Ek = 0.05
2014-07-28 18:27:34,033 INFO traub2005 cells.py adjust_chanlib: adjusting properties of /library[0]/NaF[0]
2014-07-28 18:27:34,033 DEBUG traub2005 cells.py adjust_chanlib: /library[0]/NaF[0].Ek = 0.05
2014-07-28 18:27:34,033 INFO traub2005 cells.py adjust_chanlib: adjusting properties of /library[0]/CaT[0]
2014-07-28 18:27:34,034 DEBUG traub2005 cells.py adjust_chanlib: /library[0]/CaT[0].Ek = 0.125
2014-07-28 18:27:34,034 INFO traub2005 cells.py adjust_chanlib: adjusting properties of /library[0]/K2[0]
2014-07-28 18:27:34,034 DEBUG traub2005 cells.py adjust_chanlib: /library[0]/K2[0].Ek = -0.1
2014-07-28 18:27:34,034 INFO traub2005 cells.py adjust_chanlib: adjusting properties of /library[0]/KAHP[0]
2014-07-28 18:27:34,034 DEBUG traub2005 cells.py adjust_chanlib: /library[0]/KAHP[0].Ek = -0.1
2014-07-28 18:27:34,034 INFO traub2005 cells.py adjust_chanlib: adjusting properties of /library[0]/KM[0]
2014-07-28 18:27:34,034 DEBUG traub2005 cells.py adjust_chanlib: /library[0]/KM[0].Ek = -0.1
2014-07-28 18:27:34,034 INFO traub2005 cells.py adjust_chanlib: adjusting properties of /library[0]/KDR_FS[0]
2014-07-28 18:27:34,035 DEBUG traub2005 cells.py adjust_chanlib: /library[0]/KDR_FS[0].Ek = -0.1
2014-07-28 18:27:34,035 INFO traub2005 cells.py adjust_chanlib: adjusting properties of /library[0]/NaP[0]
2014-07-28 18:27:34,035 DEBUG traub2005 cells.py adjust_chanlib: /library[0]/NaP[0].Ek = 0.05
2014-07-28 18:27:34,035 INFO traub2005 cells.py adjust_chanlib: adjusting properties of /library[0]/CaL[0]
2014-07-28 18:27:34,035 DEBUG traub2005 cells.py adjust_chanlib: /library[0]/CaL[0].Ek = 0.125
2014-07-28 18:27:34,035 INFO traub2005 cells.py adjust_chanlib: adjusting properties of /library[0]/KDR[0]
2014-07-28 18:27:34,035 DEBUG traub2005 cells.py adjust_chanlib: /library[0]/KDR[0].Ek = -0.1
2014-07-28 18:27:34,051 INFO traub2005 cells.py read_keyvals: No such file /home/vivek/moose_git/Demos/traub_2005/py/proto/SupAxoaxonic.depths
2014-07-28 18:27:34,051 DEBUG traub2005 cells.py read_prototype: Read SupAxoaxonic with 59 compartments
2014-07-28 18:27:34,051 DEBUG traub2005 cells.py read_prototype: Reading prototype file /home/vivek/moose_git/Demos/traub_2005/py/proto/SupBasket.p
2014-07-28 18:27:34,051 INFO traub2005 cells.py adjust_chanlib: adjusting properties of /library[0]/NaF2[0]
2014-07-28 18:27:34,052 DEBUG traub2005 cells.py adjust_chanlib: /library[0]/NaF2[0].Ek = 0.05
2014-07-28 18:27:34,052 INFO traub2005 cells.py adjust_chanlib: adjusting properties of /library[0]/KAHP_DP[0]
2014-07-28 18:27:34,052 DEBUG traub2005 cells.py adjust_chanlib: /library[0]/KAHP_DP[0].Ek = -0.1
2014-07-28 18:27:34,052 INFO traub2005 cells.py adjust_chanlib: adjusting properties of /library[0]/NaPF_TCR[0]
2014-07-28 18:27:34,052 DEBUG traub2005 cells.py adjust_chanlib: /library[0]/NaPF_TCR[0].Ek = 0.05
2014-07-28 18:27:34,052 INFO traub2005 cells.py adjust_chanlib: adjusting properties of /library[0]/NaPF_SS[0]
2014-07-28 18:27:34,052 DEBUG traub2005 cells.py adjust_chanlib: /library[0]/NaPF_SS[0].Ek = 0.05
2014-07-28 18:27:34,052 INFO traub2005 cells.py adjust_chanlib: adjusting properties of /library[0]/KAHP_SLOWER[0]
2014-07-28 18:27:34,053 DEBUG traub2005 cells.py adjust_chanlib: /library[0]/KAHP_SLOWER[0].Ek = -0.1
2014-07-28 18:27:34,053 INFO traub2005 cells.py adjust_chanlib: adjusting properties of /library[0]/KC_FAST[0]
2014-07-28 18:27:34,053 DEBUG traub2005 cells.py adjust_chanlib: /library[0]/KC_FAST[0].Ek = -0.1
2014-07-28 18:27:34,053 INFO traub2005 cells.py adjust_chanlib: adjusting properties of /library[0]/NaPF[0]
2014-07-28 18:27:34,053 DEBUG traub2005 cells.py adjust_chanlib: /library[0]/NaPF[0].Ek = 0.05
2014-07-28 18:27:34,053 INFO traub2005 cells.py adjust_chanlib: adjusting properties of /library[0]/AR[0]
2014-07-28 18:27:34,053 DEBUG traub2005 cells.py adjust_chanlib: /library[0]/AR[0].Ek = -0.04
2014-07-28 18:27:34,053 INFO traub2005 cells.py adjust_chanlib: adjusting properties of /library[0]/CaPool[0]
2014-07-28 18:27:34,054 INFO traub2005 cells.py adjust_chanlib: adjusting properties of /library[0]/CaT_A[0]
2014-07-28 18:27:34,054 DEBUG traub2005 cells.py adjust_chanlib: /library[0]/CaT_A[0].Ek = 0.125
2014-07-28 18:27:34,054 INFO traub2005 cells.py adjust_chanlib: adjusting properties of /library[0]/NaF2_nRT[0]
2014-07-28 18:27:34,054 DEBUG traub2005 cells.py adjust_chanlib: /library[0]/NaF2_nRT[0].Ek = 0.05
2014-07-28 18:27:34,054 INFO traub2005 cells.py adjust_chanlib: adjusting properties of /library[0]/KA_IB[0]
2014-07-28 18:27:34,054 DEBUG traub2005 cells.py adjust_chanlib: /library[0]/KA_IB[0].Ek = -0.1
2014-07-28 18:27:34,054 INFO traub2005 cells.py adjust_chanlib: adjusting properties of /library[0]/KA[0]
2014-07-28 18:27:34,054 DEBUG traub2005 cells.py adjust_chanlib: /library[0]/KA[0].Ek = -0.1
2014-07-28 18:27:34,055 INFO traub2005 cells.py adjust_chanlib: adjusting properties of /library[0]/KC[0]
2014-07-28 18:27:34,055 DEBUG traub2005 cells.py adjust_chanlib: /library[0]/KC[0].Ek = -0.1
2014-07-28 18:27:34,055 INFO traub2005 cells.py adjust_chanlib: adjusting properties of /library[0]/NaF_TCR[0]
2014-07-28 18:27:34,055 DEBUG traub2005 cells.py adjust_chanlib: /library[0]/NaF_TCR[0].Ek = 0.05
2014-07-28 18:27:34,055 INFO traub2005 cells.py adjust_chanlib: adjusting properties of /library[0]/NaF[0]
2014-07-28 18:27:34,055 DEBUG traub2005 cells.py adjust_chanlib: /library[0]/NaF[0].Ek = 0.05
2014-07-28 18:27:34,055 INFO traub2005 cells.py adjust_chanlib: adjusting properties of /library[0]/CaT[0]
2014-07-28 18:27:34,055 DEBUG traub2005 cells.py adjust_chanlib: /library[0]/CaT[0].Ek = 0.125
2014-07-28 18:27:34,056 INFO traub2005 cells.py adjust_chanlib: adjusting properties of /library[0]/K2[0]
2014-07-28 18:27:34,056 DEBUG traub2005 cells.py adjust_chanlib: /library[0]/K2[0].Ek = -0.1
2014-07-28 18:27:34,056 INFO traub2005 cells.py adjust_chanlib: adjusting properties of /library[0]/KAHP[0]
2014-07-28 18:27:34,056 DEBUG traub2005 cells.py adjust_chanlib: /library[0]/KAHP[0].Ek = -0.1
2014-07-28 18:27:34,056 INFO traub2005 cells.py adjust_chanlib: adjusting properties of /library[0]/KM[0]
2014-07-28 18:27:34,056 DEBUG traub2005 cells.py adjust_chanlib: /library[0]/KM[0].Ek = -0.1
2014-07-28 18:27:34,056 INFO traub2005 cells.py adjust_chanlib: adjusting properties of /library[0]/KDR_FS[0]
2014-07-28 18:27:34,056 DEBUG traub2005 cells.py adjust_chanlib: /library[0]/KDR_FS[0].Ek = -0.1
2014-07-28 18:27:34,056 INFO traub2005 cells.py adjust_chanlib: adjusting properties of /library[0]/NaP[0]
2014-07-28 18:27:34,057 DEBUG traub2005 cells.py adjust_chanlib: /library[0]/NaP[0].Ek = 0.05
2014-07-28 18:27:34,057 INFO traub2005 cells.py adjust_chanlib: adjusting properties of /library[0]/CaL[0]
2014-07-28 18:27:34,057 DEBUG traub2005 cells.py adjust_chanlib: /library[0]/CaL[0].Ek = 0.125
2014-07-28 18:27:34,057 INFO traub2005 cells.py adjust_chanlib: adjusting properties of /library[0]/KDR[0]
2014-07-28 18:27:34,057 DEBUG traub2005 cells.py adjust_chanlib: /library[0]/KDR[0].Ek = -0.1
2014-07-28 18:27:34,076 INFO traub2005 cells.py read_keyvals: No such file /home/vivek/moose_git/Demos/traub_2005/py/proto/SupBasket.depths
2014-07-28 18:27:34,076 DEBUG traub2005 cells.py read_prototype: Read SupBasket with 59 compartments
2014-07-28 18:27:34,077 DEBUG traub2005 cells.py read_prototype: Reading prototype file /home/vivek/moose_git/Demos/traub_2005/py/proto/SpinyStellate.p
2014-07-28 18:27:34,077 INFO traub2005 cells.py adjust_chanlib: adjusting properties of /library[0]/NaF2[0]
2014-07-28 18:27:34,077 DEBUG traub2005 cells.py adjust_chanlib: /library[0]/NaF2[0].Ek = 0.05
2014-07-28 18:27:34,077 INFO traub2005 cells.py adjust_chanlib: adjusting properties of /library[0]/KAHP_DP[0]
2014-07-28 18:27:34,077 DEBUG traub2005 cells.py adjust_chanlib: /library[0]/KAHP_DP[0].Ek = -0.1
2014-07-28 18:27:34,077 INFO traub2005 cells.py adjust_chanlib: adjusting properties of /library[0]/NaPF_TCR[0]
2014-07-28 18:27:34,077 DEBUG traub2005 cells.py adjust_chanlib: /library[0]/NaPF_TCR[0].Ek = 0.05
2014-07-28 18:27:34,078 INFO traub2005 cells.py adjust_chanlib: adjusting properties of /library[0]/NaPF_SS[0]
2014-07-28 18:27:34,078 DEBUG traub2005 cells.py adjust_chanlib: /library[0]/NaPF_SS[0].Ek = 0.05
2014-07-28 18:27:34,078 INFO traub2005 cells.py adjust_chanlib: adjusting properties of /library[0]/KAHP_SLOWER[0]
2014-07-28 18:27:34,078 DEBUG traub2005 cells.py adjust_chanlib: /library[0]/KAHP_SLOWER[0].Ek = -0.1
2014-07-28 18:27:34,078 INFO traub2005 cells.py adjust_chanlib: adjusting properties of /library[0]/KC_FAST[0]
2014-07-28 18:27:34,078 DEBUG traub2005 cells.py adjust_chanlib: /library[0]/KC_FAST[0].Ek = -0.1
2014-07-28 18:27:34,078 INFO traub2005 cells.py adjust_chanlib: adjusting properties of /library[0]/NaPF[0]
2014-07-28 18:27:34,078 DEBUG traub2005 cells.py adjust_chanlib: /library[0]/NaPF[0].Ek = 0.05
2014-07-28 18:27:34,079 INFO traub2005 cells.py adjust_chanlib: adjusting properties of /library[0]/AR[0]
2014-07-28 18:27:34,079 DEBUG traub2005 cells.py adjust_chanlib: /library[0]/AR[0].Ek = -0.04
2014-07-28 18:27:34,079 INFO traub2005 cells.py adjust_chanlib: adjusting properties of /library[0]/CaPool[0]
2014-07-28 18:27:34,079 INFO traub2005 cells.py adjust_chanlib: adjusting properties of /library[0]/CaT_A[0]
2014-07-28 18:27:34,079 DEBUG traub2005 cells.py adjust_chanlib: /library[0]/CaT_A[0].Ek = 0.125
2014-07-28 18:27:34,079 INFO traub2005 cells.py adjust_chanlib: adjusting properties of /library[0]/NaF2_nRT[0]
2014-07-28 18:27:34,079 DEBUG traub2005 cells.py adjust_chanlib: /library[0]/NaF2_nRT[0].Ek = 0.05
2014-07-28 18:27:34,080 INFO traub2005 cells.py adjust_chanlib: adjusting properties of /library[0]/KA_IB[0]
2014-07-28 18:27:34,080 DEBUG traub2005 cells.py adjust_chanlib: /library[0]/KA_IB[0].Ek = -0.1
2014-07-28 18:27:34,080 INFO traub2005 cells.py adjust_chanlib: adjusting properties of /library[0]/KA[0]
2014-07-28 18:27:34,080 DEBUG traub2005 cells.py adjust_chanlib: /library[0]/KA[0].Ek = -0.1
2014-07-28 18:27:34,080 INFO traub2005 cells.py adjust_chanlib: adjusting properties of /library[0]/KC[0]
2014-07-28 18:27:34,080 DEBUG traub2005 cells.py adjust_chanlib: /library[0]/KC[0].Ek = -0.1
2014-07-28 18:27:34,080 INFO traub2005 cells.py adjust_chanlib: adjusting properties of /library[0]/NaF_TCR[0]
2014-07-28 18:27:34,080 DEBUG traub2005 cells.py adjust_chanlib: /library[0]/NaF_TCR[0].Ek = 0.05
2014-07-28 18:27:34,080 INFO traub2005 cells.py adjust_chanlib: adjusting properties of /library[0]/NaF[0]
2014-07-28 18:27:34,081 DEBUG traub2005 cells.py adjust_chanlib: /library[0]/NaF[0].Ek = 0.05
2014-07-28 18:27:34,081 INFO traub2005 cells.py adjust_chanlib: adjusting properties of /library[0]/CaT[0]
2014-07-28 18:27:34,081 DEBUG traub2005 cells.py adjust_chanlib: /library[0]/CaT[0].Ek = 0.125
2014-07-28 18:27:34,081 INFO traub2005 cells.py adjust_chanlib: adjusting properties of /library[0]/K2[0]
2014-07-28 18:27:34,081 DEBUG traub2005 cells.py adjust_chanlib: /library[0]/K2[0].Ek = -0.1
2014-07-28 18:27:34,081 INFO traub2005 cells.py adjust_chanlib: adjusting properties of /library[0]/KAHP[0]
2014-07-28 18:27:34,081 DEBUG traub2005 cells.py adjust_chanlib: /library[0]/KAHP[0].Ek = -0.1
2014-07-28 18:27:34,081 INFO traub2005 cells.py adjust_chanlib: adjusting properties of /library[0]/KM[0]
2014-07-28 18:27:34,082 DEBUG traub2005 cells.py adjust_chanlib: /library[0]/KM[0].Ek = -0.1
2014-07-28 18:27:34,082 INFO traub2005 cells.py adjust_chanlib: adjusting properties of /library[0]/KDR_FS[0]
2014-07-28 18:27:34,082 DEBUG traub2005 cells.py adjust_chanlib: /library[0]/KDR_FS[0].Ek = -0.1
2014-07-28 18:27:34,082 INFO traub2005 cells.py adjust_chanlib: adjusting properties of /library[0]/NaP[0]
2014-07-28 18:27:34,082 DEBUG traub2005 cells.py adjust_chanlib: /library[0]/NaP[0].Ek = 0.05
2014-07-28 18:27:34,082 INFO traub2005 cells.py adjust_chanlib: adjusting properties of /library[0]/CaL[0]
2014-07-28 18:27:34,082 DEBUG traub2005 cells.py adjust_chanlib: /library[0]/CaL[0].Ek = 0.125
2014-07-28 18:27:34,082 INFO traub2005 cells.py adjust_chanlib: adjusting properties of /library[0]/KDR[0]
2014-07-28 18:27:34,083 DEBUG traub2005 cells.py adjust_chanlib: /library[0]/KDR[0].Ek = -0.1
2014-07-28 18:27:34,101 INFO traub2005 cells.py read_keyvals: No such file /home/vivek/moose_git/Demos/traub_2005/py/proto/SpinyStellate.depths
2014-07-28 18:27:34,101 DEBUG traub2005 cells.py read_prototype: Read SpinyStellate with 59 compartments
2014-07-28 18:27:34,102 DEBUG traub2005 cells.py read_prototype: Reading prototype file /home/vivek/moose_git/Demos/traub_2005/py/proto/NontuftedRS.p
2014-07-28 18:27:34,102 INFO traub2005 cells.py adjust_chanlib: adjusting properties of /library[0]/NaF2[0]
2014-07-28 18:27:34,102 DEBUG traub2005 cells.py adjust_chanlib: /library[0]/NaF2[0].Ek = 0.05
2014-07-28 18:27:34,102 INFO traub2005 cells.py adjust_chanlib: adjusting properties of /library[0]/KAHP_DP[0]
2014-07-28 18:27:34,102 DEBUG traub2005 cells.py adjust_chanlib: /library[0]/KAHP_DP[0].Ek = -0.095
2014-07-28 18:27:34,103 INFO traub2005 cells.py adjust_chanlib: adjusting properties of /library[0]/NaPF_TCR[0]
2014-07-28 18:27:34,103 DEBUG traub2005 cells.py adjust_chanlib: /library[0]/NaPF_TCR[0].Ek = 0.05
2014-07-28 18:27:34,103 INFO traub2005 cells.py adjust_chanlib: adjusting properties of /library[0]/NaPF_SS[0]
2014-07-28 18:27:34,103 DEBUG traub2005 cells.py adjust_chanlib: /library[0]/NaPF_SS[0].Ek = 0.05
2014-07-28 18:27:34,103 INFO traub2005 cells.py adjust_chanlib: adjusting properties of /library[0]/KAHP_SLOWER[0]
2014-07-28 18:27:34,103 DEBUG traub2005 cells.py adjust_chanlib: /library[0]/KAHP_SLOWER[0].Ek = -0.095
2014-07-28 18:27:34,103 INFO traub2005 cells.py adjust_chanlib: adjusting properties of /library[0]/KC_FAST[0]
2014-07-28 18:27:34,103 DEBUG traub2005 cells.py adjust_chanlib: /library[0]/KC_FAST[0].Ek = -0.095
2014-07-28 18:27:34,104 INFO traub2005 cells.py adjust_chanlib: adjusting properties of /library[0]/NaPF[0]
2014-07-28 18:27:34,104 DEBUG traub2005 cells.py adjust_chanlib: /library[0]/NaPF[0].Ek = 0.05
2014-07-28 18:27:34,104 INFO traub2005 cells.py adjust_chanlib: adjusting properties of /library[0]/AR[0]
2014-07-28 18:27:34,104 DEBUG traub2005 cells.py adjust_chanlib: /library[0]/AR[0].Ek = -0.035
2014-07-28 18:27:34,104 INFO traub2005 cells.py adjust_chanlib: adjusting properties of /library[0]/CaPool[0]
2014-07-28 18:27:34,104 INFO traub2005 cells.py adjust_chanlib: adjusting properties of /library[0]/CaT_A[0]
2014-07-28 18:27:34,104 DEBUG traub2005 cells.py adjust_chanlib: /library[0]/CaT_A[0].Ek = 0.125
2014-07-28 18:27:34,104 INFO traub2005 cells.py adjust_chanlib: adjusting properties of /library[0]/NaF2_nRT[0]
2014-07-28 18:27:34,105 DEBUG traub2005 cells.py adjust_chanlib: /library[0]/NaF2_nRT[0].Ek = 0.05
2014-07-28 18:27:34,105 INFO traub2005 cells.py adjust_chanlib: adjusting properties of /library[0]/KA_IB[0]
2014-07-28 18:27:34,105 DEBUG traub2005 cells.py adjust_chanlib: /library[0]/KA_IB[0].Ek = -0.095
2014-07-28 18:27:34,105 INFO traub2005 cells.py adjust_chanlib: adjusting properties of /library[0]/KA[0]
2014-07-28 18:27:34,105 DEBUG traub2005 cells.py adjust_chanlib: /library[0]/KA[0].Ek = -0.095
2014-07-28 18:27:34,105 INFO traub2005 cells.py adjust_chanlib: adjusting properties of /library[0]/KC[0]
2014-07-28 18:27:34,105 DEBUG traub2005 cells.py adjust_chanlib: /library[0]/KC[0].Ek = -0.095
2014-07-28 18:27:34,105 INFO traub2005 cells.py adjust_chanlib: adjusting properties of /library[0]/NaF_TCR[0]
2014-07-28 18:27:34,106 DEBUG traub2005 cells.py adjust_chanlib: /library[0]/NaF_TCR[0].Ek = 0.05
2014-07-28 18:27:34,106 INFO traub2005 cells.py adjust_chanlib: adjusting properties of /library[0]/NaF[0]
2014-07-28 18:27:34,106 DEBUG traub2005 cells.py adjust_chanlib: /library[0]/NaF[0].Ek = 0.05
2014-07-28 18:27:34,106 INFO traub2005 cells.py adjust_chanlib: adjusting properties of /library[0]/CaT[0]
2014-07-28 18:27:34,106 DEBUG traub2005 cells.py adjust_chanlib: /library[0]/CaT[0].Ek = 0.125
2014-07-28 18:27:34,106 INFO traub2005 cells.py adjust_chanlib: adjusting properties of /library[0]/K2[0]
2014-07-28 18:27:34,106 DEBUG traub2005 cells.py adjust_chanlib: /library[0]/K2[0].Ek = -0.095
2014-07-28 18:27:34,106 INFO traub2005 cells.py adjust_chanlib: adjusting properties of /library[0]/KAHP[0]
2014-07-28 18:27:34,107 DEBUG traub2005 cells.py adjust_chanlib: /library[0]/KAHP[0].Ek = -0.095
2014-07-28 18:27:34,107 INFO traub2005 cells.py adjust_chanlib: adjusting properties of /library[0]/KM[0]
2014-07-28 18:27:34,107 DEBUG traub2005 cells.py adjust_chanlib: /library[0]/KM[0].Ek = -0.095
2014-07-28 18:27:34,107 INFO traub2005 cells.py adjust_chanlib: adjusting properties of /library[0]/KDR_FS[0]
2014-07-28 18:27:34,107 DEBUG traub2005 cells.py adjust_chanlib: /library[0]/KDR_FS[0].Ek = -0.095
2014-07-28 18:27:34,107 INFO traub2005 cells.py adjust_chanlib: adjusting properties of /library[0]/NaP[0]
2014-07-28 18:27:34,107 DEBUG traub2005 cells.py adjust_chanlib: /library[0]/NaP[0].Ek = 0.05
2014-07-28 18:27:34,107 INFO traub2005 cells.py adjust_chanlib: adjusting properties of /library[0]/CaL[0]
2014-07-28 18:27:34,107 DEBUG traub2005 cells.py adjust_chanlib: /library[0]/CaL[0].Ek = 0.125
2014-07-28 18:27:34,108 INFO traub2005 cells.py adjust_chanlib: adjusting properties of /library[0]/KDR[0]
2014-07-28 18:27:34,108 DEBUG traub2005 cells.py adjust_chanlib: /library[0]/KDR[0].Ek = -0.095
2014-07-28 18:27:34,126 DEBUG traub2005 cells.py read_prototype: Read NontuftedRS with 50 compartments
2014-07-28 18:27:34,126 DEBUG traub2005 cells.py read_prototype: Reading prototype file /home/vivek/moose_git/Demos/traub_2005/py/proto/TuftedIB.p
2014-07-28 18:27:34,126 INFO traub2005 cells.py adjust_chanlib: adjusting properties of /library[0]/NaF2[0]
2014-07-28 18:27:34,126 DEBUG traub2005 cells.py adjust_chanlib: /library[0]/NaF2[0].Ek = 0.05
2014-07-28 18:27:34,127 INFO traub2005 cells.py adjust_chanlib: adjusting properties of /library[0]/KAHP_DP[0]
2014-07-28 18:27:34,127 DEBUG traub2005 cells.py adjust_chanlib: /library[0]/KAHP_DP[0].Ek = -0.095
2014-07-28 18:27:34,127 INFO traub2005 cells.py adjust_chanlib: adjusting properties of /library[0]/NaPF_TCR[0]
2014-07-28 18:27:34,127 DEBUG traub2005 cells.py adjust_chanlib: /library[0]/NaPF_TCR[0].Ek = 0.05
2014-07-28 18:27:34,127 INFO traub2005 cells.py adjust_chanlib: adjusting properties of /library[0]/NaPF_SS[0]
2014-07-28 18:27:34,127 DEBUG traub2005 cells.py adjust_chanlib: /library[0]/NaPF_SS[0].Ek = 0.05
2014-07-28 18:27:34,127 INFO traub2005 cells.py adjust_chanlib: adjusting properties of /library[0]/KAHP_SLOWER[0]
2014-07-28 18:27:34,127 DEBUG traub2005 cells.py adjust_chanlib: /library[0]/KAHP_SLOWER[0].Ek = -0.095
2014-07-28 18:27:34,127 INFO traub2005 cells.py adjust_chanlib: adjusting properties of /library[0]/KC_FAST[0]
2014-07-28 18:27:34,127 DEBUG traub2005 cells.py adjust_chanlib: /library[0]/KC_FAST[0].Ek = -0.095
2014-07-28 18:27:34,127 INFO traub2005 cells.py adjust_chanlib: adjusting properties of /library[0]/NaPF[0]
2014-07-28 18:27:34,127 DEBUG traub2005 cells.py adjust_chanlib: /library[0]/NaPF[0].Ek = 0.05
2014-07-28 18:27:34,127 INFO traub2005 cells.py adjust_chanlib: adjusting properties of /library[0]/AR[0]
2014-07-28 18:27:34,127 DEBUG traub2005 cells.py adjust_chanlib: /library[0]/AR[0].Ek = -0.035
2014-07-28 18:27:34,127 INFO traub2005 cells.py adjust_chanlib: adjusting properties of /library[0]/CaPool[0]
2014-07-28 18:27:34,127 INFO traub2005 cells.py adjust_chanlib: adjusting properties of /library[0]/CaT_A[0]
2014-07-28 18:27:34,127 DEBUG traub2005 cells.py adjust_chanlib: /library[0]/CaT_A[0].Ek = 0.125
2014-07-28 18:27:34,127 INFO traub2005 cells.py adjust_chanlib: adjusting properties of /library[0]/NaF2_nRT[0]
2014-07-28 18:27:34,128 DEBUG traub2005 cells.py adjust_chanlib: /library[0]/NaF2_nRT[0].Ek = 0.05
2014-07-28 18:27:34,128 INFO traub2005 cells.py adjust_chanlib: adjusting properties of /library[0]/KA_IB[0]
2014-07-28 18:27:34,128 DEBUG traub2005 cells.py adjust_chanlib: /library[0]/KA_IB[0].Ek = -0.095
2014-07-28 18:27:34,128 INFO traub2005 cells.py adjust_chanlib: adjusting properties of /library[0]/KA[0]
2014-07-28 18:27:34,128 DEBUG traub2005 cells.py adjust_chanlib: /library[0]/KA[0].Ek = -0.095
2014-07-28 18:27:34,128 INFO traub2005 cells.py adjust_chanlib: adjusting properties of /library[0]/KC[0]
2014-07-28 18:27:34,128 DEBUG traub2005 cells.py adjust_chanlib: /library[0]/KC[0].Ek = -0.095
2014-07-28 18:27:34,128 INFO traub2005 cells.py adjust_chanlib: adjusting properties of /library[0]/NaF_TCR[0]
2014-07-28 18:27:34,128 DEBUG traub2005 cells.py adjust_chanlib: /library[0]/NaF_TCR[0].Ek = 0.05
2014-07-28 18:27:34,128 INFO traub2005 cells.py adjust_chanlib: adjusting properties of /library[0]/NaF[0]
2014-07-28 18:27:34,128 DEBUG traub2005 cells.py adjust_chanlib: /library[0]/NaF[0].Ek = 0.05
2014-07-28 18:27:34,128 INFO traub2005 cells.py adjust_chanlib: adjusting properties of /library[0]/CaT[0]
2014-07-28 18:27:34,128 DEBUG traub2005 cells.py adjust_chanlib: /library[0]/CaT[0].Ek = 0.125
2014-07-28 18:27:34,128 INFO traub2005 cells.py adjust_chanlib: adjusting properties of /library[0]/K2[0]
2014-07-28 18:27:34,128 DEBUG traub2005 cells.py adjust_chanlib: /library[0]/K2[0].Ek = -0.095
2014-07-28 18:27:34,128 INFO traub2005 cells.py adjust_chanlib: adjusting properties of /library[0]/KAHP[0]
2014-07-28 18:27:34,128 DEBUG traub2005 cells.py adjust_chanlib: /library[0]/KAHP[0].Ek = -0.095
2014-07-28 18:27:34,128 INFO traub2005 cells.py adjust_chanlib: adjusting properties of /library[0]/KM[0]
2014-07-28 18:27:34,128 DEBUG traub2005 cells.py adjust_chanlib: /library[0]/KM[0].Ek = -0.095
2014-07-28 18:27:34,129 INFO traub2005 cells.py adjust_chanlib: adjusting properties of /library[0]/KDR_FS[0]
2014-07-28 18:27:34,129 DEBUG traub2005 cells.py adjust_chanlib: /library[0]/KDR_FS[0].Ek = -0.095
2014-07-28 18:27:34,129 INFO traub2005 cells.py adjust_chanlib: adjusting properties of /library[0]/NaP[0]
2014-07-28 18:27:34,129 DEBUG traub2005 cells.py adjust_chanlib: /library[0]/NaP[0].Ek = 0.05
2014-07-28 18:27:34,129 INFO traub2005 cells.py adjust_chanlib: adjusting properties of /library[0]/CaL[0]
2014-07-28 18:27:34,129 DEBUG traub2005 cells.py adjust_chanlib: /library[0]/CaL[0].Ek = 0.125
2014-07-28 18:27:34,129 INFO traub2005 cells.py adjust_chanlib: adjusting properties of /library[0]/KDR[0]
2014-07-28 18:27:34,129 DEBUG traub2005 cells.py adjust_chanlib: /library[0]/KDR[0].Ek = -0.095
2014-07-28 18:27:34,141 INFO traub2005 cells.py read_keyvals: No such file /home/vivek/moose_git/Demos/traub_2005/py/proto/TuftedIB.depths
2014-07-28 18:27:34,141 DEBUG traub2005 cells.py read_prototype: Read TuftedIB with 61 compartments
2014-07-28 18:27:34,141 DEBUG traub2005 cells.py read_prototype: Reading prototype file /home/vivek/moose_git/Demos/traub_2005/py/proto/TuftedRS.p
2014-07-28 18:27:34,141 INFO traub2005 cells.py adjust_chanlib: adjusting properties of /library[0]/NaF2[0]
2014-07-28 18:27:34,141 DEBUG traub2005 cells.py adjust_chanlib: /library[0]/NaF2[0].Ek = 0.05
2014-07-28 18:27:34,141 INFO traub2005 cells.py adjust_chanlib: adjusting properties of /library[0]/KAHP_DP[0]
2014-07-28 18:27:34,141 DEBUG traub2005 cells.py adjust_chanlib: /library[0]/KAHP_DP[0].Ek = -0.095
2014-07-28 18:27:34,141 INFO traub2005 cells.py adjust_chanlib: adjusting properties of /library[0]/NaPF_TCR[0]
2014-07-28 18:27:34,141 DEBUG traub2005 cells.py adjust_chanlib: /library[0]/NaPF_TCR[0].Ek = 0.05
2014-07-28 18:27:34,142 INFO traub2005 cells.py adjust_chanlib: adjusting properties of /library[0]/NaPF_SS[0]
2014-07-28 18:27:34,142 DEBUG traub2005 cells.py adjust_chanlib: /library[0]/NaPF_SS[0].Ek = 0.05
2014-07-28 18:27:34,142 INFO traub2005 cells.py adjust_chanlib: adjusting properties of /library[0]/KAHP_SLOWER[0]
2014-07-28 18:27:34,142 DEBUG traub2005 cells.py adjust_chanlib: /library[0]/KAHP_SLOWER[0].Ek = -0.095
2014-07-28 18:27:34,142 INFO traub2005 cells.py adjust_chanlib: adjusting properties of /library[0]/KC_FAST[0]
2014-07-28 18:27:34,142 DEBUG traub2005 cells.py adjust_chanlib: /library[0]/KC_FAST[0].Ek = -0.095
2014-07-28 18:27:34,142 INFO traub2005 cells.py adjust_chanlib: adjusting properties of /library[0]/NaPF[0]
2014-07-28 18:27:34,142 DEBUG traub2005 cells.py adjust_chanlib: /library[0]/NaPF[0].Ek = 0.05
2014-07-28 18:27:34,142 INFO traub2005 cells.py adjust_chanlib: adjusting properties of /library[0]/AR[0]
2014-07-28 18:27:34,142 DEBUG traub2005 cells.py adjust_chanlib: /library[0]/AR[0].Ek = -0.035
2014-07-28 18:27:34,142 INFO traub2005 cells.py adjust_chanlib: adjusting properties of /library[0]/CaPool[0]
2014-07-28 18:27:34,142 INFO traub2005 cells.py adjust_chanlib: adjusting properties of /library[0]/CaT_A[0]
2014-07-28 18:27:34,142 DEBUG traub2005 cells.py adjust_chanlib: /library[0]/CaT_A[0].Ek = 0.125
2014-07-28 18:27:34,142 INFO traub2005 cells.py adjust_chanlib: adjusting properties of /library[0]/NaF2_nRT[0]
2014-07-28 18:27:34,142 DEBUG traub2005 cells.py adjust_chanlib: /library[0]/NaF2_nRT[0].Ek = 0.05
2014-07-28 18:27:34,142 INFO traub2005 cells.py adjust_chanlib: adjusting properties of /library[0]/KA_IB[0]
2014-07-28 18:27:34,142 DEBUG traub2005 cells.py adjust_chanlib: /library[0]/KA_IB[0].Ek = -0.095
2014-07-28 18:27:34,143 INFO traub2005 cells.py adjust_chanlib: adjusting properties of /library[0]/KA[0]
2014-07-28 18:27:34,143 DEBUG traub2005 cells.py adjust_chanlib: /library[0]/KA[0].Ek = -0.095
2014-07-28 18:27:34,143 INFO traub2005 cells.py adjust_chanlib: adjusting properties of /library[0]/KC[0]
2014-07-28 18:27:34,143 DEBUG traub2005 cells.py adjust_chanlib: /library[0]/KC[0].Ek = -0.095
2014-07-28 18:27:34,143 INFO traub2005 cells.py adjust_chanlib: adjusting properties of /library[0]/NaF_TCR[0]
2014-07-28 18:27:34,143 DEBUG traub2005 cells.py adjust_chanlib: /library[0]/NaF_TCR[0].Ek = 0.05
2014-07-28 18:27:34,143 INFO traub2005 cells.py adjust_chanlib: adjusting properties of /library[0]/NaF[0]
2014-07-28 18:27:34,143 DEBUG traub2005 cells.py adjust_chanlib: /library[0]/NaF[0].Ek = 0.05
2014-07-28 18:27:34,143 INFO traub2005 cells.py adjust_chanlib: adjusting properties of /library[0]/CaT[0]
2014-07-28 18:27:34,143 DEBUG traub2005 cells.py adjust_chanlib: /library[0]/CaT[0].Ek = 0.125
2014-07-28 18:27:34,143 INFO traub2005 cells.py adjust_chanlib: adjusting properties of /library[0]/K2[0]
2014-07-28 18:27:34,143 DEBUG traub2005 cells.py adjust_chanlib: /library[0]/K2[0].Ek = -0.095
2014-07-28 18:27:34,143 INFO traub2005 cells.py adjust_chanlib: adjusting properties of /library[0]/KAHP[0]
2014-07-28 18:27:34,143 DEBUG traub2005 cells.py adjust_chanlib: /library[0]/KAHP[0].Ek = -0.095
2014-07-28 18:27:34,143 INFO traub2005 cells.py adjust_chanlib: adjusting properties of /library[0]/KM[0]
2014-07-28 18:27:34,143 DEBUG traub2005 cells.py adjust_chanlib: /library[0]/KM[0].Ek = -0.095
2014-07-28 18:27:34,143 INFO traub2005 cells.py adjust_chanlib: adjusting properties of /library[0]/KDR_FS[0]
2014-07-28 18:27:34,143 DEBUG traub2005 cells.py adjust_chanlib: /library[0]/KDR_FS[0].Ek = -0.095
2014-07-28 18:27:34,143 INFO traub2005 cells.py adjust_chanlib: adjusting properties of /library[0]/NaP[0]
2014-07-28 18:27:34,144 DEBUG traub2005 cells.py adjust_chanlib: /library[0]/NaP[0].Ek = 0.05
2014-07-28 18:27:34,144 INFO traub2005 cells.py adjust_chanlib: adjusting properties of /library[0]/CaL[0]
2014-07-28 18:27:34,144 DEBUG traub2005 cells.py adjust_chanlib: /library[0]/CaL[0].Ek = 0.125
2014-07-28 18:27:34,144 INFO traub2005 cells.py adjust_chanlib: adjusting properties of /library[0]/KDR[0]
2014-07-28 18:27:34,144 DEBUG traub2005 cells.py adjust_chanlib: /library[0]/KDR[0].Ek = -0.095
2014-07-28 18:27:34,161 INFO traub2005 cells.py read_keyvals: No such file /home/vivek/moose_git/Demos/traub_2005/py/proto/TuftedRS.depths
2014-07-28 18:27:34,161 DEBUG traub2005 cells.py read_prototype: Read TuftedRS with 61 compartments
2014-07-28 18:27:34,162 DEBUG traub2005 cells.py read_prototype: Reading prototype file /home/vivek/moose_git/Demos/traub_2005/py/proto/DeepLTS.p
2014-07-28 18:27:34,162 INFO traub2005 cells.py adjust_chanlib: adjusting properties of /library[0]/NaF2[0]
2014-07-28 18:27:34,162 DEBUG traub2005 cells.py adjust_chanlib: /library[0]/NaF2[0].Ek = 0.05
2014-07-28 18:27:34,162 INFO traub2005 cells.py adjust_chanlib: adjusting properties of /library[0]/KAHP_DP[0]
2014-07-28 18:27:34,162 DEBUG traub2005 cells.py adjust_chanlib: /library[0]/KAHP_DP[0].Ek = -0.1
2014-07-28 18:27:34,162 INFO traub2005 cells.py adjust_chanlib: adjusting properties of /library[0]/NaPF_TCR[0]
2014-07-28 18:27:34,162 DEBUG traub2005 cells.py adjust_chanlib: /library[0]/NaPF_TCR[0].Ek = 0.05
2014-07-28 18:27:34,163 INFO traub2005 cells.py adjust_chanlib: adjusting properties of /library[0]/NaPF_SS[0]
2014-07-28 18:27:34,163 DEBUG traub2005 cells.py adjust_chanlib: /library[0]/NaPF_SS[0].Ek = 0.05
2014-07-28 18:27:34,163 INFO traub2005 cells.py adjust_chanlib: adjusting properties of /library[0]/KAHP_SLOWER[0]
2014-07-28 18:27:34,163 DEBUG traub2005 cells.py adjust_chanlib: /library[0]/KAHP_SLOWER[0].Ek = -0.1
2014-07-28 18:27:34,163 INFO traub2005 cells.py adjust_chanlib: adjusting properties of /library[0]/KC_FAST[0]
2014-07-28 18:27:34,163 DEBUG traub2005 cells.py adjust_chanlib: /library[0]/KC_FAST[0].Ek = -0.1
2014-07-28 18:27:34,163 INFO traub2005 cells.py adjust_chanlib: adjusting properties of /library[0]/NaPF[0]
2014-07-28 18:27:34,163 DEBUG traub2005 cells.py adjust_chanlib: /library[0]/NaPF[0].Ek = 0.05
2014-07-28 18:27:34,164 INFO traub2005 cells.py adjust_chanlib: adjusting properties of /library[0]/AR[0]
2014-07-28 18:27:34,164 DEBUG traub2005 cells.py adjust_chanlib: /library[0]/AR[0].Ek = -0.04
2014-07-28 18:27:34,164 INFO traub2005 cells.py adjust_chanlib: adjusting properties of /library[0]/CaPool[0]
2014-07-28 18:27:34,164 INFO traub2005 cells.py adjust_chanlib: adjusting properties of /library[0]/CaT_A[0]
2014-07-28 18:27:34,164 DEBUG traub2005 cells.py adjust_chanlib: /library[0]/CaT_A[0].Ek = 0.125
2014-07-28 18:27:34,164 INFO traub2005 cells.py adjust_chanlib: adjusting properties of /library[0]/NaF2_nRT[0]
2014-07-28 18:27:34,164 DEBUG traub2005 cells.py adjust_chanlib: /library[0]/NaF2_nRT[0].Ek = 0.05
2014-07-28 18:27:34,164 INFO traub2005 cells.py adjust_chanlib: adjusting properties of /library[0]/KA_IB[0]
2014-07-28 18:27:34,165 DEBUG traub2005 cells.py adjust_chanlib: /library[0]/KA_IB[0].Ek = -0.1
2014-07-28 18:27:34,165 INFO traub2005 cells.py adjust_chanlib: adjusting properties of /library[0]/KA[0]
2014-07-28 18:27:34,165 DEBUG traub2005 cells.py adjust_chanlib: /library[0]/KA[0].Ek = -0.1
2014-07-28 18:27:34,165 INFO traub2005 cells.py adjust_chanlib: adjusting properties of /library[0]/KC[0]
2014-07-28 18:27:34,165 DEBUG traub2005 cells.py adjust_chanlib: /library[0]/KC[0].Ek = -0.1
2014-07-28 18:27:34,165 INFO traub2005 cells.py adjust_chanlib: adjusting properties of /library[0]/NaF_TCR[0]
2014-07-28 18:27:34,165 DEBUG traub2005 cells.py adjust_chanlib: /library[0]/NaF_TCR[0].Ek = 0.05
2014-07-28 18:27:34,165 INFO traub2005 cells.py adjust_chanlib: adjusting properties of /library[0]/NaF[0]
2014-07-28 18:27:34,166 DEBUG traub2005 cells.py adjust_chanlib: /library[0]/NaF[0].Ek = 0.05
2014-07-28 18:27:34,166 INFO traub2005 cells.py adjust_chanlib: adjusting properties of /library[0]/CaT[0]
2014-07-28 18:27:34,166 DEBUG traub2005 cells.py adjust_chanlib: /library[0]/CaT[0].Ek = 0.125
2014-07-28 18:27:34,166 INFO traub2005 cells.py adjust_chanlib: adjusting properties of /library[0]/K2[0]
2014-07-28 18:27:34,166 DEBUG traub2005 cells.py adjust_chanlib: /library[0]/K2[0].Ek = -0.1
2014-07-28 18:27:34,166 INFO traub2005 cells.py adjust_chanlib: adjusting properties of /library[0]/KAHP[0]
2014-07-28 18:27:34,166 DEBUG traub2005 cells.py adjust_chanlib: /library[0]/KAHP[0].Ek = -0.1
2014-07-28 18:27:34,166 INFO traub2005 cells.py adjust_chanlib: adjusting properties of /library[0]/KM[0]
2014-07-28 18:27:34,166 DEBUG traub2005 cells.py adjust_chanlib: /library[0]/KM[0].Ek = -0.1
2014-07-28 18:27:34,167 INFO traub2005 cells.py adjust_chanlib: adjusting properties of /library[0]/KDR_FS[0]
2014-07-28 18:27:34,167 DEBUG traub2005 cells.py adjust_chanlib: /library[0]/KDR_FS[0].Ek = -0.1
2014-07-28 18:27:34,167 INFO traub2005 cells.py adjust_chanlib: adjusting properties of /library[0]/NaP[0]
2014-07-28 18:27:34,167 DEBUG traub2005 cells.py adjust_chanlib: /library[0]/NaP[0].Ek = 0.05
2014-07-28 18:27:34,167 INFO traub2005 cells.py adjust_chanlib: adjusting properties of /library[0]/CaL[0]
2014-07-28 18:27:34,167 DEBUG traub2005 cells.py adjust_chanlib: /library[0]/CaL[0].Ek = 0.125
2014-07-28 18:27:34,167 INFO traub2005 cells.py adjust_chanlib: adjusting properties of /library[0]/KDR[0]
2014-07-28 18:27:34,167 DEBUG traub2005 cells.py adjust_chanlib: /library[0]/KDR[0].Ek = -0.1
2014-07-28 18:27:34,186 INFO traub2005 cells.py read_keyvals: No such file /home/vivek/moose_git/Demos/traub_2005/py/proto/DeepLTS.depths
2014-07-28 18:27:34,186 DEBUG traub2005 cells.py read_prototype: Read DeepLTS with 59 compartments
2014-07-28 18:27:34,186 DEBUG traub2005 cells.py read_prototype: Reading prototype file /home/vivek/moose_git/Demos/traub_2005/py/proto/DeepAxoaxonic.p
2014-07-28 18:27:34,187 INFO traub2005 cells.py adjust_chanlib: adjusting properties of /library[0]/NaF2[0]
2014-07-28 18:27:34,187 DEBUG traub2005 cells.py adjust_chanlib: /library[0]/NaF2[0].Ek = 0.05
2014-07-28 18:27:34,187 INFO traub2005 cells.py adjust_chanlib: adjusting properties of /library[0]/KAHP_DP[0]
2014-07-28 18:27:34,187 DEBUG traub2005 cells.py adjust_chanlib: /library[0]/KAHP_DP[0].Ek = -0.1
2014-07-28 18:27:34,187 INFO traub2005 cells.py adjust_chanlib: adjusting properties of /library[0]/NaPF_TCR[0]
2014-07-28 18:27:34,187 DEBUG traub2005 cells.py adjust_chanlib: /library[0]/NaPF_TCR[0].Ek = 0.05
2014-07-28 18:27:34,187 INFO traub2005 cells.py adjust_chanlib: adjusting properties of /library[0]/NaPF_SS[0]
2014-07-28 18:27:34,187 DEBUG traub2005 cells.py adjust_chanlib: /library[0]/NaPF_SS[0].Ek = 0.05
2014-07-28 18:27:34,188 INFO traub2005 cells.py adjust_chanlib: adjusting properties of /library[0]/KAHP_SLOWER[0]
2014-07-28 18:27:34,188 DEBUG traub2005 cells.py adjust_chanlib: /library[0]/KAHP_SLOWER[0].Ek = -0.1
2014-07-28 18:27:34,188 INFO traub2005 cells.py adjust_chanlib: adjusting properties of /library[0]/KC_FAST[0]
2014-07-28 18:27:34,188 DEBUG traub2005 cells.py adjust_chanlib: /library[0]/KC_FAST[0].Ek = -0.1
2014-07-28 18:27:34,188 INFO traub2005 cells.py adjust_chanlib: adjusting properties of /library[0]/NaPF[0]
2014-07-28 18:27:34,188 DEBUG traub2005 cells.py adjust_chanlib: /library[0]/NaPF[0].Ek = 0.05
2014-07-28 18:27:34,188 INFO traub2005 cells.py adjust_chanlib: adjusting properties of /library[0]/AR[0]
2014-07-28 18:27:34,188 DEBUG traub2005 cells.py adjust_chanlib: /library[0]/AR[0].Ek = -0.04
2014-07-28 18:27:34,189 INFO traub2005 cells.py adjust_chanlib: adjusting properties of /library[0]/CaPool[0]
2014-07-28 18:27:34,189 INFO traub2005 cells.py adjust_chanlib: adjusting properties of /library[0]/CaT_A[0]
2014-07-28 18:27:34,189 DEBUG traub2005 cells.py adjust_chanlib: /library[0]/CaT_A[0].Ek = 0.125
2014-07-28 18:27:34,189 INFO traub2005 cells.py adjust_chanlib: adjusting properties of /library[0]/NaF2_nRT[0]
2014-07-28 18:27:34,189 DEBUG traub2005 cells.py adjust_chanlib: /library[0]/NaF2_nRT[0].Ek = 0.05
2014-07-28 18:27:34,189 INFO traub2005 cells.py adjust_chanlib: adjusting properties of /library[0]/KA_IB[0]
2014-07-28 18:27:34,189 DEBUG traub2005 cells.py adjust_chanlib: /library[0]/KA_IB[0].Ek = -0.1
2014-07-28 18:27:34,189 INFO traub2005 cells.py adjust_chanlib: adjusting properties of /library[0]/KA[0]
2014-07-28 18:27:34,190 DEBUG traub2005 cells.py adjust_chanlib: /library[0]/KA[0].Ek = -0.1
2014-07-28 18:27:34,190 INFO traub2005 cells.py adjust_chanlib: adjusting properties of /library[0]/KC[0]
2014-07-28 18:27:34,190 DEBUG traub2005 cells.py adjust_chanlib: /library[0]/KC[0].Ek = -0.1
2014-07-28 18:27:34,190 INFO traub2005 cells.py adjust_chanlib: adjusting properties of /library[0]/NaF_TCR[0]
2014-07-28 18:27:34,190 DEBUG traub2005 cells.py adjust_chanlib: /library[0]/NaF_TCR[0].Ek = 0.05
2014-07-28 18:27:34,190 INFO traub2005 cells.py adjust_chanlib: adjusting properties of /library[0]/NaF[0]
2014-07-28 18:27:34,190 DEBUG traub2005 cells.py adjust_chanlib: /library[0]/NaF[0].Ek = 0.05
2014-07-28 18:27:34,190 INFO traub2005 cells.py adjust_chanlib: adjusting properties of /library[0]/CaT[0]
2014-07-28 18:27:34,191 DEBUG traub2005 cells.py adjust_chanlib: /library[0]/CaT[0].Ek = 0.125
2014-07-28 18:27:34,191 INFO traub2005 cells.py adjust_chanlib: adjusting properties of /library[0]/K2[0]
2014-07-28 18:27:34,191 DEBUG traub2005 cells.py adjust_chanlib: /library[0]/K2[0].Ek = -0.1
2014-07-28 18:27:34,191 INFO traub2005 cells.py adjust_chanlib: adjusting properties of /library[0]/KAHP[0]
2014-07-28 18:27:34,191 DEBUG traub2005 cells.py adjust_chanlib: /library[0]/KAHP[0].Ek = -0.1
2014-07-28 18:27:34,191 INFO traub2005 cells.py adjust_chanlib: adjusting properties of /library[0]/KM[0]
2014-07-28 18:27:34,191 DEBUG traub2005 cells.py adjust_chanlib: /library[0]/KM[0].Ek = -0.1
2014-07-28 18:27:34,191 INFO traub2005 cells.py adjust_chanlib: adjusting properties of /library[0]/KDR_FS[0]
2014-07-28 18:27:34,191 DEBUG traub2005 cells.py adjust_chanlib: /library[0]/KDR_FS[0].Ek = -0.1
2014-07-28 18:27:34,192 INFO traub2005 cells.py adjust_chanlib: adjusting properties of /library[0]/NaP[0]
2014-07-28 18:27:34,192 DEBUG traub2005 cells.py adjust_chanlib: /library[0]/NaP[0].Ek = 0.05
2014-07-28 18:27:34,192 INFO traub2005 cells.py adjust_chanlib: adjusting properties of /library[0]/CaL[0]
2014-07-28 18:27:34,192 DEBUG traub2005 cells.py adjust_chanlib: /library[0]/CaL[0].Ek = 0.125
2014-07-28 18:27:34,192 INFO traub2005 cells.py adjust_chanlib: adjusting properties of /library[0]/KDR[0]
2014-07-28 18:27:34,192 DEBUG traub2005 cells.py adjust_chanlib: /library[0]/KDR[0].Ek = -0.1
2014-07-28 18:27:34,213 INFO traub2005 cells.py read_keyvals: No such file /home/vivek/moose_git/Demos/traub_2005/py/proto/DeepAxoaxonic.depths
2014-07-28 18:27:34,214 DEBUG traub2005 cells.py read_prototype: Read DeepAxoaxonic with 59 compartments
2014-07-28 18:27:34,214 DEBUG traub2005 cells.py read_prototype: Reading prototype file /home/vivek/moose_git/Demos/traub_2005/py/proto/DeepBasket.p
2014-07-28 18:27:34,214 INFO traub2005 cells.py adjust_chanlib: adjusting properties of /library[0]/NaF2[0]
2014-07-28 18:27:34,214 DEBUG traub2005 cells.py adjust_chanlib: /library[0]/NaF2[0].Ek = 0.05
2014-07-28 18:27:34,214 INFO traub2005 cells.py adjust_chanlib: adjusting properties of /library[0]/KAHP_DP[0]
2014-07-28 18:27:34,215 DEBUG traub2005 cells.py adjust_chanlib: /library[0]/KAHP_DP[0].Ek = -0.1
2014-07-28 18:27:34,215 INFO traub2005 cells.py adjust_chanlib: adjusting properties of /library[0]/NaPF_TCR[0]
2014-07-28 18:27:34,215 DEBUG traub2005 cells.py adjust_chanlib: /library[0]/NaPF_TCR[0].Ek = 0.05
2014-07-28 18:27:34,215 INFO traub2005 cells.py adjust_chanlib: adjusting properties of /library[0]/NaPF_SS[0]
2014-07-28 18:27:34,215 DEBUG traub2005 cells.py adjust_chanlib: /library[0]/NaPF_SS[0].Ek = 0.05
2014-07-28 18:27:34,215 INFO traub2005 cells.py adjust_chanlib: adjusting properties of /library[0]/KAHP_SLOWER[0]
2014-07-28 18:27:34,215 DEBUG traub2005 cells.py adjust_chanlib: /library[0]/KAHP_SLOWER[0].Ek = -0.1
2014-07-28 18:27:34,215 INFO traub2005 cells.py adjust_chanlib: adjusting properties of /library[0]/KC_FAST[0]
2014-07-28 18:27:34,216 DEBUG traub2005 cells.py adjust_chanlib: /library[0]/KC_FAST[0].Ek = -0.1
2014-07-28 18:27:34,216 INFO traub2005 cells.py adjust_chanlib: adjusting properties of /library[0]/NaPF[0]
2014-07-28 18:27:34,216 DEBUG traub2005 cells.py adjust_chanlib: /library[0]/NaPF[0].Ek = 0.05
2014-07-28 18:27:34,216 INFO traub2005 cells.py adjust_chanlib: adjusting properties of /library[0]/AR[0]
2014-07-28 18:27:34,216 DEBUG traub2005 cells.py adjust_chanlib: /library[0]/AR[0].Ek = -0.04
2014-07-28 18:27:34,216 INFO traub2005 cells.py adjust_chanlib: adjusting properties of /library[0]/CaPool[0]
2014-07-28 18:27:34,216 INFO traub2005 cells.py adjust_chanlib: adjusting properties of /library[0]/CaT_A[0]
2014-07-28 18:27:34,216 DEBUG traub2005 cells.py adjust_chanlib: /library[0]/CaT_A[0].Ek = 0.125
2014-07-28 18:27:34,217 INFO traub2005 cells.py adjust_chanlib: adjusting properties of /library[0]/NaF2_nRT[0]
2014-07-28 18:27:34,217 DEBUG traub2005 cells.py adjust_chanlib: /library[0]/NaF2_nRT[0].Ek = 0.05
2014-07-28 18:27:34,217 INFO traub2005 cells.py adjust_chanlib: adjusting properties of /library[0]/KA_IB[0]
2014-07-28 18:27:34,217 DEBUG traub2005 cells.py adjust_chanlib: /library[0]/KA_IB[0].Ek = -0.1
2014-07-28 18:27:34,217 INFO traub2005 cells.py adjust_chanlib: adjusting properties of /library[0]/KA[0]
2014-07-28 18:27:34,217 DEBUG traub2005 cells.py adjust_chanlib: /library[0]/KA[0].Ek = -0.1
2014-07-28 18:27:34,217 INFO traub2005 cells.py adjust_chanlib: adjusting properties of /library[0]/KC[0]
2014-07-28 18:27:34,217 DEBUG traub2005 cells.py adjust_chanlib: /library[0]/KC[0].Ek = -0.1
2014-07-28 18:27:34,218 INFO traub2005 cells.py adjust_chanlib: adjusting properties of /library[0]/NaF_TCR[0]
2014-07-28 18:27:34,218 DEBUG traub2005 cells.py adjust_chanlib: /library[0]/NaF_TCR[0].Ek = 0.05
2014-07-28 18:27:34,218 INFO traub2005 cells.py adjust_chanlib: adjusting properties of /library[0]/NaF[0]
2014-07-28 18:27:34,218 DEBUG traub2005 cells.py adjust_chanlib: /library[0]/NaF[0].Ek = 0.05
2014-07-28 18:27:34,218 INFO traub2005 cells.py adjust_chanlib: adjusting properties of /library[0]/CaT[0]
2014-07-28 18:27:34,218 DEBUG traub2005 cells.py adjust_chanlib: /library[0]/CaT[0].Ek = 0.125
2014-07-28 18:27:34,218 INFO traub2005 cells.py adjust_chanlib: adjusting properties of /library[0]/K2[0]
2014-07-28 18:27:34,218 DEBUG traub2005 cells.py adjust_chanlib: /library[0]/K2[0].Ek = -0.1
2014-07-28 18:27:34,219 INFO traub2005 cells.py adjust_chanlib: adjusting properties of /library[0]/KAHP[0]
2014-07-28 18:27:34,219 DEBUG traub2005 cells.py adjust_chanlib: /library[0]/KAHP[0].Ek = -0.1
2014-07-28 18:27:34,219 INFO traub2005 cells.py adjust_chanlib: adjusting properties of /library[0]/KM[0]
2014-07-28 18:27:34,219 DEBUG traub2005 cells.py adjust_chanlib: /library[0]/KM[0].Ek = -0.1
2014-07-28 18:27:34,219 INFO traub2005 cells.py adjust_chanlib: adjusting properties of /library[0]/KDR_FS[0]
2014-07-28 18:27:34,219 DEBUG traub2005 cells.py adjust_chanlib: /library[0]/KDR_FS[0].Ek = -0.1
2014-07-28 18:27:34,219 INFO traub2005 cells.py adjust_chanlib: adjusting properties of /library[0]/NaP[0]
2014-07-28 18:27:34,219 DEBUG traub2005 cells.py adjust_chanlib: /library[0]/NaP[0].Ek = 0.05
2014-07-28 18:27:34,220 INFO traub2005 cells.py adjust_chanlib: adjusting properties of /library[0]/CaL[0]
2014-07-28 18:27:34,220 DEBUG traub2005 cells.py adjust_chanlib: /library[0]/CaL[0].Ek = 0.125
2014-07-28 18:27:34,220 INFO traub2005 cells.py adjust_chanlib: adjusting properties of /library[0]/KDR[0]
2014-07-28 18:27:34,220 DEBUG traub2005 cells.py adjust_chanlib: /library[0]/KDR[0].Ek = -0.1
2014-07-28 18:27:34,233 INFO traub2005 cells.py read_keyvals: No such file /home/vivek/moose_git/Demos/traub_2005/py/proto/DeepBasket.depths
2014-07-28 18:27:34,234 DEBUG traub2005 cells.py read_prototype: Read DeepBasket with 59 compartments
2014-07-28 18:27:34,234 DEBUG traub2005 cells.py read_prototype: Reading prototype file /home/vivek/moose_git/Demos/traub_2005/py/proto/TCR.p
2014-07-28 18:27:34,234 INFO traub2005 cells.py adjust_chanlib: adjusting properties of /library[0]/NaF2[0]
2014-07-28 18:27:34,234 DEBUG traub2005 cells.py adjust_chanlib: /library[0]/NaF2[0].Ek = 0.05
2014-07-28 18:27:34,234 INFO traub2005 cells.py adjust_chanlib: adjusting properties of /library[0]/KAHP_DP[0]
2014-07-28 18:27:34,235 DEBUG traub2005 cells.py adjust_chanlib: /library[0]/KAHP_DP[0].Ek = -0.095
2014-07-28 18:27:34,235 INFO traub2005 cells.py adjust_chanlib: adjusting properties of /library[0]/NaPF_TCR[0]
2014-07-28 18:27:34,235 DEBUG traub2005 cells.py adjust_chanlib: /library[0]/NaPF_TCR[0].Ek = 0.05
2014-07-28 18:27:34,235 INFO traub2005 cells.py adjust_chanlib: adjusting properties of /library[0]/NaPF_SS[0]
2014-07-28 18:27:34,235 DEBUG traub2005 cells.py adjust_chanlib: /library[0]/NaPF_SS[0].Ek = 0.05
2014-07-28 18:27:34,235 INFO traub2005 cells.py adjust_chanlib: adjusting properties of /library[0]/KAHP_SLOWER[0]
2014-07-28 18:27:34,235 DEBUG traub2005 cells.py adjust_chanlib: /library[0]/KAHP_SLOWER[0].Ek = -0.095
2014-07-28 18:27:34,235 INFO traub2005 cells.py adjust_chanlib: adjusting properties of /library[0]/KC_FAST[0]
2014-07-28 18:27:34,236 DEBUG traub2005 cells.py adjust_chanlib: /library[0]/KC_FAST[0].Ek = -0.095
2014-07-28 18:27:34,236 INFO traub2005 cells.py adjust_chanlib: adjusting properties of /library[0]/NaPF[0]
2014-07-28 18:27:34,236 DEBUG traub2005 cells.py adjust_chanlib: /library[0]/NaPF[0].Ek = 0.05
2014-07-28 18:27:34,236 INFO traub2005 cells.py adjust_chanlib: adjusting properties of /library[0]/AR[0]
2014-07-28 18:27:34,236 DEBUG traub2005 cells.py adjust_chanlib: /library[0]/AR[0].Ek = -0.035
2014-07-28 18:27:34,236 INFO traub2005 cells.py adjust_chanlib: adjusting properties of /library[0]/CaPool[0]
2014-07-28 18:27:34,236 INFO traub2005 cells.py adjust_chanlib: adjusting properties of /library[0]/CaT_A[0]
2014-07-28 18:27:34,237 DEBUG traub2005 cells.py adjust_chanlib: /library[0]/CaT_A[0].Ek = 0.125
2014-07-28 18:27:34,237 INFO traub2005 cells.py adjust_chanlib: adjusting properties of /library[0]/NaF2_nRT[0]
2014-07-28 18:27:34,237 DEBUG traub2005 cells.py adjust_chanlib: /library[0]/NaF2_nRT[0].Ek = 0.05
2014-07-28 18:27:34,237 INFO traub2005 cells.py adjust_chanlib: adjusting properties of /library[0]/KA_IB[0]
2014-07-28 18:27:34,237 DEBUG traub2005 cells.py adjust_chanlib: /library[0]/KA_IB[0].Ek = -0.095
2014-07-28 18:27:34,237 INFO traub2005 cells.py adjust_chanlib: adjusting properties of /library[0]/KA[0]
2014-07-28 18:27:34,237 DEBUG traub2005 cells.py adjust_chanlib: /library[0]/KA[0].Ek = -0.095
2014-07-28 18:27:34,237 INFO traub2005 cells.py adjust_chanlib: adjusting properties of /library[0]/KC[0]
2014-07-28 18:27:34,237 DEBUG traub2005 cells.py adjust_chanlib: /library[0]/KC[0].Ek = -0.095
2014-07-28 18:27:34,238 INFO traub2005 cells.py adjust_chanlib: adjusting properties of /library[0]/NaF_TCR[0]
2014-07-28 18:27:34,238 DEBUG traub2005 cells.py adjust_chanlib: /library[0]/NaF_TCR[0].Ek = 0.05
2014-07-28 18:27:34,238 INFO traub2005 cells.py adjust_chanlib: adjusting properties of /library[0]/NaF[0]
2014-07-28 18:27:34,238 DEBUG traub2005 cells.py adjust_chanlib: /library[0]/NaF[0].Ek = 0.05
2014-07-28 18:27:34,238 INFO traub2005 cells.py adjust_chanlib: adjusting properties of /library[0]/CaT[0]
2014-07-28 18:27:34,238 DEBUG traub2005 cells.py adjust_chanlib: /library[0]/CaT[0].Ek = 0.125
2014-07-28 18:27:34,238 INFO traub2005 cells.py adjust_chanlib: adjusting properties of /library[0]/K2[0]
2014-07-28 18:27:34,238 DEBUG traub2005 cells.py adjust_chanlib: /library[0]/K2[0].Ek = -0.095
2014-07-28 18:27:34,239 INFO traub2005 cells.py adjust_chanlib: adjusting properties of /library[0]/KAHP[0]
2014-07-28 18:27:34,239 DEBUG traub2005 cells.py adjust_chanlib: /library[0]/KAHP[0].Ek = -0.095
2014-07-28 18:27:34,239 INFO traub2005 cells.py adjust_chanlib: adjusting properties of /library[0]/KM[0]
2014-07-28 18:27:34,239 DEBUG traub2005 cells.py adjust_chanlib: /library[0]/KM[0].Ek = -0.095
2014-07-28 18:27:34,239 INFO traub2005 cells.py adjust_chanlib: adjusting properties of /library[0]/KDR_FS[0]
2014-07-28 18:27:34,239 DEBUG traub2005 cells.py adjust_chanlib: /library[0]/KDR_FS[0].Ek = -0.095
2014-07-28 18:27:34,239 INFO traub2005 cells.py adjust_chanlib: adjusting properties of /library[0]/NaP[0]
2014-07-28 18:27:34,239 DEBUG traub2005 cells.py adjust_chanlib: /library[0]/NaP[0].Ek = 0.05
2014-07-28 18:27:34,240 INFO traub2005 cells.py adjust_chanlib: adjusting properties of /library[0]/CaL[0]
2014-07-28 18:27:34,240 DEBUG traub2005 cells.py adjust_chanlib: /library[0]/CaL[0].Ek = 0.125
2014-07-28 18:27:34,240 INFO traub2005 cells.py adjust_chanlib: adjusting properties of /library[0]/KDR[0]
2014-07-28 18:27:34,240 DEBUG traub2005 cells.py adjust_chanlib: /library[0]/KDR[0].Ek = -0.095
2014-07-28 18:27:34,281 INFO traub2005 cells.py read_keyvals: No such file /home/vivek/moose_git/Demos/traub_2005/py/proto/TCR.depths
2014-07-28 18:27:34,282 DEBUG traub2005 cells.py read_prototype: Read TCR with 137 compartments
2014-07-28 18:27:34,282 DEBUG traub2005 cells.py read_prototype: Reading prototype file /home/vivek/moose_git/Demos/traub_2005/py/proto/nRT.p
2014-07-28 18:27:34,282 INFO traub2005 cells.py adjust_chanlib: adjusting properties of /library[0]/NaF2[0]
2014-07-28 18:27:34,283 DEBUG traub2005 cells.py adjust_chanlib: /library[0]/NaF2[0].Ek = 0.05
2014-07-28 18:27:34,283 INFO traub2005 cells.py adjust_chanlib: adjusting properties of /library[0]/KAHP_DP[0]
2014-07-28 18:27:34,283 DEBUG traub2005 cells.py adjust_chanlib: /library[0]/KAHP_DP[0].Ek = -0.1
2014-07-28 18:27:34,283 INFO traub2005 cells.py adjust_chanlib: adjusting properties of /library[0]/NaPF_TCR[0]
2014-07-28 18:27:34,283 DEBUG traub2005 cells.py adjust_chanlib: /library[0]/NaPF_TCR[0].Ek = 0.05
2014-07-28 18:27:34,283 INFO traub2005 cells.py adjust_chanlib: adjusting properties of /library[0]/NaPF_SS[0]
2014-07-28 18:27:34,283 DEBUG traub2005 cells.py adjust_chanlib: /library[0]/NaPF_SS[0].Ek = 0.05
2014-07-28 18:27:34,283 INFO traub2005 cells.py adjust_chanlib: adjusting properties of /library[0]/KAHP_SLOWER[0]
2014-07-28 18:27:34,284 DEBUG traub2005 cells.py adjust_chanlib: /library[0]/KAHP_SLOWER[0].Ek = -0.1
2014-07-28 18:27:34,284 INFO traub2005 cells.py adjust_chanlib: adjusting properties of /library[0]/KC_FAST[0]
2014-07-28 18:27:34,284 DEBUG traub2005 cells.py adjust_chanlib: /library[0]/KC_FAST[0].Ek = -0.1
2014-07-28 18:27:34,284 INFO traub2005 cells.py adjust_chanlib: adjusting properties of /library[0]/NaPF[0]
2014-07-28 18:27:34,284 DEBUG traub2005 cells.py adjust_chanlib: /library[0]/NaPF[0].Ek = 0.05
2014-07-28 18:27:34,284 INFO traub2005 cells.py adjust_chanlib: adjusting properties of /library[0]/AR[0]
2014-07-28 18:27:34,284 DEBUG traub2005 cells.py adjust_chanlib: /library[0]/AR[0].Ek = -0.04
2014-07-28 18:27:34,284 INFO traub2005 cells.py adjust_chanlib: adjusting properties of /library[0]/CaPool[0]
2014-07-28 18:27:34,285 INFO traub2005 cells.py adjust_chanlib: adjusting properties of /library[0]/CaT_A[0]
2014-07-28 18:27:34,285 DEBUG traub2005 cells.py adjust_chanlib: /library[0]/CaT_A[0].Ek = 0.125
2014-07-28 18:27:34,285 INFO traub2005 cells.py adjust_chanlib: adjusting properties of /library[0]/NaF2_nRT[0]
2014-07-28 18:27:34,285 DEBUG traub2005 cells.py adjust_chanlib: /library[0]/NaF2_nRT[0].Ek = 0.05
2014-07-28 18:27:34,285 INFO traub2005 cells.py adjust_chanlib: adjusting properties of /library[0]/KA_IB[0]
2014-07-28 18:27:34,285 DEBUG traub2005 cells.py adjust_chanlib: /library[0]/KA_IB[0].Ek = -0.1
2014-07-28 18:27:34,285 INFO traub2005 cells.py adjust_chanlib: adjusting properties of /library[0]/KA[0]
2014-07-28 18:27:34,285 DEBUG traub2005 cells.py adjust_chanlib: /library[0]/KA[0].Ek = -0.1
2014-07-28 18:27:34,285 INFO traub2005 cells.py adjust_chanlib: adjusting properties of /library[0]/KC[0]
2014-07-28 18:27:34,286 DEBUG traub2005 cells.py adjust_chanlib: /library[0]/KC[0].Ek = -0.1
2014-07-28 18:27:34,286 INFO traub2005 cells.py adjust_chanlib: adjusting properties of /library[0]/NaF_TCR[0]
2014-07-28 18:27:34,286 DEBUG traub2005 cells.py adjust_chanlib: /library[0]/NaF_TCR[0].Ek = 0.05
2014-07-28 18:27:34,286 INFO traub2005 cells.py adjust_chanlib: adjusting properties of /library[0]/NaF[0]
2014-07-28 18:27:34,286 DEBUG traub2005 cells.py adjust_chanlib: /library[0]/NaF[0].Ek = 0.05
2014-07-28 18:27:34,286 INFO traub2005 cells.py adjust_chanlib: adjusting properties of /library[0]/CaT[0]
2014-07-28 18:27:34,286 DEBUG traub2005 cells.py adjust_chanlib: /library[0]/CaT[0].Ek = 0.125
2014-07-28 18:27:34,286 INFO traub2005 cells.py adjust_chanlib: adjusting properties of /library[0]/K2[0]
2014-07-28 18:27:34,287 DEBUG traub2005 cells.py adjust_chanlib: /library[0]/K2[0].Ek = -0.1
2014-07-28 18:27:34,287 INFO traub2005 cells.py adjust_chanlib: adjusting properties of /library[0]/KAHP[0]
2014-07-28 18:27:34,287 DEBUG traub2005 cells.py adjust_chanlib: /library[0]/KAHP[0].Ek = -0.1
2014-07-28 18:27:34,287 INFO traub2005 cells.py adjust_chanlib: adjusting properties of /library[0]/KM[0]
2014-07-28 18:27:34,287 DEBUG traub2005 cells.py adjust_chanlib: /library[0]/KM[0].Ek = -0.1
2014-07-28 18:27:34,287 INFO traub2005 cells.py adjust_chanlib: adjusting properties of /library[0]/KDR_FS[0]
2014-07-28 18:27:34,287 DEBUG traub2005 cells.py adjust_chanlib: /library[0]/KDR_FS[0].Ek = -0.1
2014-07-28 18:27:34,287 INFO traub2005 cells.py adjust_chanlib: adjusting properties of /library[0]/NaP[0]
2014-07-28 18:27:34,288 DEBUG traub2005 cells.py adjust_chanlib: /library[0]/NaP[0].Ek = 0.05
2014-07-28 18:27:34,288 INFO traub2005 cells.py adjust_chanlib: adjusting properties of /library[0]/CaL[0]
2014-07-28 18:27:34,288 DEBUG traub2005 cells.py adjust_chanlib: /library[0]/CaL[0].Ek = 0.125
2014-07-28 18:27:34,288 INFO traub2005 cells.py adjust_chanlib: adjusting properties of /library[0]/KDR[0]
2014-07-28 18:27:34,288 DEBUG traub2005 cells.py adjust_chanlib: /library[0]/KDR[0].Ek = -0.1
2014-07-28 18:27:34,307 INFO traub2005 cells.py read_keyvals: No such file /home/vivek/moose_git/Demos/traub_2005/py/proto/nRT.depths
2014-07-28 18:27:34,307 DEBUG traub2005 cells.py read_prototype: Read nRT with 59 compartments
2014-07-28 18:27:34,388 DEBUG traub2005 cell_test_util.py setUp: /test134702338592155198796012405380352448766[0]/model[0]/TCR[0]/comp_1[0]/AR[0] Ek = -0.035
2014-07-28 18:27:34,388 DEBUG traub2005 cell_test_util.py setUp: /test134702338592155198796012405380352448766[0]/model[0]/TCR[0]/comp_1[0]/CaL[0] Ek = 0.125
2014-07-28 18:27:34,388 DEBUG traub2005 cell_test_util.py setUp: /test134702338592155198796012405380352448766[0]/model[0]/TCR[0]/comp_1[0]/CaT[0] Ek = 0.125
2014-07-28 18:27:34,388 DEBUG traub2005 cell_test_util.py setUp: /test134702338592155198796012405380352448766[0]/model[0]/TCR[0]/comp_1[0]/K2[0] Ek = -0.095
2014-07-28 18:27:34,388 DEBUG traub2005 cell_test_util.py setUp: /test134702338592155198796012405380352448766[0]/model[0]/TCR[0]/comp_1[0]/KA[0] Ek = -0.095
2014-07-28 18:27:34,388 DEBUG traub2005 cell_test_util.py setUp: /test134702338592155198796012405380352448766[0]/model[0]/TCR[0]/comp_1[0]/KAHP_SLOWER[0] Ek = -0.095
2014-07-28 18:27:34,388 DEBUG traub2005 cell_test_util.py setUp: /test134702338592155198796012405380352448766[0]/model[0]/TCR[0]/comp_1[0]/KC[0] Ek = -0.095
2014-07-28 18:27:34,388 DEBUG traub2005 cell_test_util.py setUp: /test134702338592155198796012405380352448766[0]/model[0]/TCR[0]/comp_1[0]/KDR[0] Ek = -0.095
2014-07-28 18:27:34,388 DEBUG traub2005 cell_test_util.py setUp: /test134702338592155198796012405380352448766[0]/model[0]/TCR[0]/comp_1[0]/KM[0] Ek = -0.095
2014-07-28 18:27:34,388 DEBUG traub2005 cell_test_util.py setUp: /test134702338592155198796012405380352448766[0]/model[0]/TCR[0]/comp_1[0]/NaF_TCR[0] Ek = 0.05
2014-07-28 18:27:34,388 DEBUG traub2005 cell_test_util.py setUp: /test134702338592155198796012405380352448766[0]/model[0]/TCR[0]/comp_1[0]/NaPF_TCR[0] Ek = 0.05
2014-07-28 18:27:34,388 DEBUG traub2005 cell_test_util.py setUp: /test134702338592155198796012405380352448766[0]/model[0]/TCR[0]/comp_1[0]/CaPool[0] tau = 0.05
2014-07-28 18:27:34,389 INFO traub2005 cell_test_util.py schedule: Scheduling: simdt=1e-06, plotdt=0.00025, solver=ee
2014-07-28 18:27:34,493 INFO traub2005 cell_test_util.py runsim: running: simtime=0.1, stepsize=0.1, pulsearray=[[0.05, 0.02, 1e-09], [1000000000.0, 0, 0]]
2014-07-28 18:27:34,494 INFO traub2005 cell_test_util.py runsim: pulse[0]: delay=0.05, width=0.02, level=1e-09
2014-07-28 18:27:34,494 INFO traub2005 cell_test_util.py runsim: pulse[1]: delay=1e+09, width=0, level=0
2014-07-28 18:27:34,494 INFO traub2005 cell_test_util.py runsim: Start reinit
2014-07-28 18:27:34,494 INFO traub2005 cell_test_util.py schedule: Scheduling: simdt=1e-06, plotdt=0.00025, solver=ee
2014-07-28 18:27:34,721 INFO traub2005 cell_test_util.py runsim: Finished reinit
2014-07-28 18:27:34,722 INFO traub2005 utils.py stepRun: Starting simulation for 0.1
2014-07-28 18:29:47,009 INFO traub2005 utils.py stepRun: Simulated till 0.01. Left: 0.09. 0.01 of simulation took: 132.288 s
2014-07-28 18:31:58,914 INFO traub2005 utils.py stepRun: Simulated till 0.02. Left: 0.08. 0.01 of simulation took: 131.905 s
2014-07-28 18:34:11,595 INFO traub2005 utils.py stepRun: Simulated till 0.03. Left: 0.07. 0.01 of simulation took: 132.681 s
2014-07-28 18:36:24,405 INFO traub2005 utils.py stepRun: Simulated till 0.04. Left: 0.06. 0.01 of simulation took: 132.809 s
